  [4;36;1mSQL (0.1ms)[0m   [0;1mSET SQL_AUTO_IS_NULL=0[0m


Processing SessionsController#new (for 127.0.0.1 at 2011-06-14 18:09:33) [GET]
Rendering template within layouts/application
Rendering sessions/new
Completed in 7ms (View: 5, DB: 0) | 200 OK [http://karthik.loc/]
  [4;35;1mSQL (0.1ms)[0m   [0mSET SQL_AUTO_IS_NULL=0[0m


Processing SessionsController#new (for 127.0.0.1 at 2011-06-14 18:09:55) [GET]
Rendering template within layouts/application
Rendering sessions/new
Completed in 3ms (View: 2, DB: 0) | 200 OK [http://karthik.loc/]
  [4;36;1mSQL (0.1ms)[0m   [0;1mSET SQL_AUTO_IS_NULL=0[0m


Processing UsersController#new (for 127.0.0.1 at 2011-06-14 18:10:03) [GET]
Rendering template within layouts/users
Rendering users/new
Completed in 9ms (View: 8, DB: 0) | 200 OK [http://karthik.loc/signup]
  [4;35;1mSQL (0.1ms)[0m   [0mSET SQL_AUTO_IS_NULL=0[0m


Processing SessionsController#new (for 127.0.0.1 at 2011-06-14 18:10:04) [GET]
Rendering template within layouts/application
Rendering sessions/new
Completed in 4ms (View: 2, DB: 0) | 200 OK [http://karthik.loc/login]
  [4;36;1mSQL (0.1ms)[0m   [0;1mSET SQL_AUTO_IS_NULL=0[0m


Processing SessionsController#create (for 127.0.0.1 at 2011-06-14 18:10:16) [POST]
  Parameters: {"commit"=>"Log in", "login"=>"karthik@kern-comm.com", "password"=>"karthik"}
  [4;35;1mUser Columns (0.7ms)[0m   [0mSHOW FIELDS FROM `users`[0m
  [4;36;1mUser Load (0.2ms)[0m   [0;1mSELECT * FROM `users` WHERE (`users`.`email` = 'karthik@kern-comm.com') LIMIT 1[0m
  [4;35;1mUser Load (0.1ms)[0m   [0mSELECT * FROM `users` WHERE (email = 'karthik@kern-comm.com' and activated_at IS NOT NULL) LIMIT 1[0m
Redirected to http://karthik.loc:3000/issues/my_issues/2
Completed in 6ms (DB: 1) | 302 Found [http://karthik.loc/session]
  [4;36;1mSQL (0.1ms)[0m   [0;1mSET SQL_AUTO_IS_NULL=0[0m


Processing IssuesController#my_issues (for 127.0.0.1 at 2011-06-14 18:10:16) [GET]
  Parameters: {"id"=>"2"}
  [4;35;1mUser Columns (0.6ms)[0m   [0mSHOW FIELDS FROM `users`[0m
  [4;36;1mUser Load (0.2ms)[0m   [0;1mSELECT * FROM `users` WHERE (`users`.`id` = 2) LIMIT 1[0m
  [4;35;1mIssue Columns (0.5ms)[0m   [0mSHOW FIELDS FROM `issues`[0m
  [4;36;1mIssue Load (0.1ms)[0m   [0;1mSELECT * FROM `issues` WHERE (`issues`.`assigned_to` = 2 AND `issues`.`issue_type` = 'Bug') ORDER BY id DESC[0m
  [4;35;1mIssue Load (0.0ms)[0m   [0mSELECT * FROM `issues` WHERE (`issues`.`assigned_to` = 2 AND `issues`.`issue_type` = 'Feature') ORDER BY id DESC[0m
  [4;36;1mIssue Load (0.0ms)[0m   [0;1mSELECT * FROM `issues` WHERE (`issues`.`assigned_to` = 2 AND `issues`.`issue_type` = 'Enhancement') ORDER BY id DESC[0m
  [4;35;1mIssue Load (0.0ms)[0m   [0mSELECT * FROM `issues` WHERE (`issues`.`assigned_to` = 2 AND `issues`.`issue_type` = 'Task') ORDER BY id DESC[0m
  [4;36;1mIssue Load (0.0ms)[0m   [0;1mSELECT * FROM `issues` WHERE (`issues`.`assigned_to` = 2 AND `issues`.`issue_type` = 'Query') ORDER BY id DESC[0m
  [4;35;1mIssue Load (0.1ms)[0m   [0mSELECT * FROM `issues` WHERE (`issues`.`status` = 'Open' AND `issues`.`assigned_to` = 2 AND `issues`.`issue_type` = 'Bug') ORDER BY id DESC[0m
  [4;36;1mIssue Load (0.1ms)[0m   [0;1mSELECT * FROM `issues` WHERE (`issues`.`status` = 'Fixed' AND `issues`.`assigned_to` = 2 AND `issues`.`issue_type` = 'Bug') ORDER BY id DESC[0m
  [4;35;1mIssue Load (0.0ms)[0m   [0mSELECT * FROM `issues` WHERE (`issues`.`status` = 'Tested' AND `issues`.`assigned_to` = 2 AND `issues`.`issue_type` = 'Bug') ORDER BY id DESC[0m
  [4;36;1mIssue Load (0.0ms)[0m   [0;1mSELECT * FROM `issues` WHERE (`issues`.`status` = 'Closed' AND `issues`.`assigned_to` = 2 AND `issues`.`issue_type` = 'Bug') ORDER BY id DESC[0m
  [4;35;1mIssue Load (0.0ms)[0m   [0mSELECT * FROM `issues` WHERE (`issues`.`status` = 'Open' AND `issues`.`assigned_to` = 2 AND `issues`.`issue_type` = 'Feature') ORDER BY id DESC[0m
  [4;36;1mIssue Load (0.0ms)[0m   [0;1mSELECT * FROM `issues` WHERE (`issues`.`status` = 'Devdone' AND `issues`.`assigned_to` = 2 AND `issues`.`issue_type` = 'Feature') ORDER BY id DESC[0m
  [4;35;1mIssue Load (0.0ms)[0m   [0mSELECT * FROM `issues` WHERE (`issues`.`status` = 'Tested' AND `issues`.`assigned_to` = 2 AND `issues`.`issue_type` = 'Feature') ORDER BY id DESC[0m
  [4;36;1mIssue Load (0.0ms)[0m   [0;1mSELECT * FROM `issues` WHERE (`issues`.`status` = 'Closed' AND `issues`.`assigned_to` = 2 AND `issues`.`issue_type` = 'Feature') ORDER BY id DESC[0m
  [4;35;1mIssue Load (0.0ms)[0m   [0mSELECT * FROM `issues` WHERE (`issues`.`status` = 'Open' AND `issues`.`assigned_to` = 2 AND `issues`.`issue_type` = 'Enhancement') ORDER BY id DESC[0m
  [4;36;1mIssue Load (0.0ms)[0m   [0;1mSELECT * FROM `issues` WHERE (`issues`.`status` = 'Devdone' AND `issues`.`assigned_to` = 2 AND `issues`.`issue_type` = 'Enhancement') ORDER BY id DESC[0m
  [4;35;1mIssue Load (0.0ms)[0m   [0mSELECT * FROM `issues` WHERE (`issues`.`status` = 'Tested' AND `issues`.`assigned_to` = 2 AND `issues`.`issue_type` = 'Enhancement') ORDER BY id DESC[0m
  [4;36;1mIssue Load (0.0ms)[0m   [0;1mSELECT * FROM `issues` WHERE (`issues`.`status` = 'Closed' AND `issues`.`assigned_to` = 2 AND `issues`.`issue_type` = 'Enhancement') ORDER BY id DESC[0m
  [4;35;1mIssue Load (0.0ms)[0m   [0mSELECT * FROM `issues` WHERE (`issues`.`status` = 'Open' AND `issues`.`assigned_to` = 2 AND `issues`.`issue_type` = 'Task') ORDER BY id DESC[0m
  [4;36;1mIssue Load (0.0ms)[0m   [0;1mSELECT * FROM `issues` WHERE (`issues`.`status` = 'Done' AND `issues`.`assigned_to` = 2 AND `issues`.`issue_type` = 'Task') ORDER BY id DESC[0m
  [4;35;1mIssue Load (0.0ms)[0m   [0mSELECT * FROM `issues` WHERE (`issues`.`status` = 'Open' AND `issues`.`assigned_to` = 2 AND `issues`.`issue_type` = 'Query') ORDER BY id DESC[0m
  [4;36;1mIssue Load (0.0ms)[0m   [0;1mSELECT * FROM `issues` WHERE (`issues`.`status` = 'Answered' AND `issues`.`assigned_to` = 2 AND `issues`.`issue_type` = 'Query') ORDER BY id DESC[0m
Rendering template within layouts/issues
Rendering issues/my_issues
Rendered issues/_my_panel (0.1ms)
  [4;35;1mCACHE (0.0ms)[0m   [0mSELECT * FROM `users` WHERE (`users`.`id` = 2) LIMIT 1[0m
  [4;36;1mVisit Columns (0.5ms)[0m   [0;1mSHOW FIELDS FROM `visits`[0m
  [4;35;1mVisit Load (0.2ms)[0m   [0mSELECT * FROM `visits` WHERE (`visits`.`issue_id` = 82 AND `visits`.`user_id` = 2) LIMIT 1[0m
  [4;36;1mPost Columns (0.4ms)[0m   [0;1mSHOW FIELDS FROM `posts`[0m
  [4;35;1mPost Load (0.0ms)[0m   [0mSELECT * FROM `posts` WHERE (created_at > '2011-06-14 07:03:36') AND (`posts`.`issue_id` = 82) [0m
  [4;36;1mPost Load (0.0ms)[0m   [0;1mSELECT * FROM `posts` WHERE (`posts`.`issue_id` = 82) [0m
Rendered issues/_content (11.2ms)
  [4;35;1mCACHE (0.0ms)[0m   [0mSELECT * FROM `users` WHERE (`users`.`id` = 2) LIMIT 1[0m
  [4;36;1mVisit Load (0.2ms)[0m   [0;1mSELECT * FROM `visits` WHERE (`visits`.`issue_id` = 81 AND `visits`.`user_id` = 2) LIMIT 1[0m
  [4;35;1mPost Load (0.0ms)[0m   [0mSELECT * FROM `posts` WHERE (created_at > '2011-06-14 07:02:58') AND (`posts`.`issue_id` = 81) [0m
  [4;36;1mPost Load (0.0ms)[0m   [0;1mSELECT * FROM `posts` WHERE (`posts`.`issue_id` = 81) [0m
Rendered issues/_content (2.3ms)
  [4;35;1mCACHE (0.0ms)[0m   [0mSELECT * FROM `users` WHERE (`users`.`id` = 2) LIMIT 1[0m
  [4;36;1mVisit Load (0.2ms)[0m   [0;1mSELECT * FROM `visits` WHERE (`visits`.`issue_id` = 80 AND `visits`.`user_id` = 2) LIMIT 1[0m
  [4;35;1mPost Load (0.0ms)[0m   [0mSELECT * FROM `posts` WHERE (created_at > '2011-06-14 06:39:39') AND (`posts`.`issue_id` = 80) [0m
  [4;36;1mPost Load (0.0ms)[0m   [0;1mSELECT * FROM `posts` WHERE (`posts`.`issue_id` = 80) [0m
Rendered issues/_content (2.0ms)
  [4;35;1mCACHE (0.0ms)[0m   [0mSELECT * FROM `users` WHERE (`users`.`id` = 2) LIMIT 1[0m
  [4;36;1mVisit Load (0.1ms)[0m   [0;1mSELECT * FROM `visits` WHERE (`visits`.`issue_id` = 79 AND `visits`.`user_id` = 2) LIMIT 1[0m
  [4;35;1mPost Load (0.0ms)[0m   [0mSELECT * FROM `posts` WHERE (created_at > '2011-06-14 06:38:43') AND (`posts`.`issue_id` = 79) [0m
  [4;36;1mPost Load (0.0ms)[0m   [0;1mSELECT * FROM `posts` WHERE (`posts`.`issue_id` = 79) [0m
Rendered issues/_content (1.9ms)
  [4;35;1mCACHE (0.0ms)[0m   [0mSELECT * FROM `users` WHERE (`users`.`id` = 2) LIMIT 1[0m
  [4;36;1mVisit Load (0.1ms)[0m   [0;1mSELECT * FROM `visits` WHERE (`visits`.`issue_id` = 78 AND `visits`.`user_id` = 2) LIMIT 1[0m
  [4;35;1mPost Load (0.1ms)[0m   [0mSELECT * FROM `posts` WHERE (created_at > '2011-06-14 06:36:32') AND (`posts`.`issue_id` = 78) [0m
  [4;36;1mPost Load (0.0ms)[0m   [0;1mSELECT * FROM `posts` WHERE (`posts`.`issue_id` = 78) [0m
Rendered issues/_content (2.0ms)
  [4;35;1mCACHE (0.0ms)[0m   [0mSELECT * FROM `users` WHERE (`users`.`id` = 2) LIMIT 1[0m
  [4;36;1mVisit Load (0.2ms)[0m   [0;1mSELECT * FROM `visits` WHERE (`visits`.`issue_id` = 77 AND `visits`.`user_id` = 2) LIMIT 1[0m
  [4;35;1mPost Load (0.0ms)[0m   [0mSELECT * FROM `posts` WHERE (created_at > '2011-06-14 06:35:25') AND (`posts`.`issue_id` = 77) [0m
  [4;36;1mPost Load (0.0ms)[0m   [0;1mSELECT * FROM `posts` WHERE (`posts`.`issue_id` = 77) [0m
Rendered issues/_content (2.0ms)
  [4;35;1mCACHE (0.0ms)[0m   [0mSELECT * FROM `users` WHERE (`users`.`id` = 2) LIMIT 1[0m
  [4;36;1mVisit Load (0.2ms)[0m   [0;1mSELECT * FROM `visits` WHERE (`visits`.`issue_id` = 76 AND `visits`.`user_id` = 2) LIMIT 1[0m
  [4;35;1mPost Load (0.0ms)[0m   [0mSELECT * FROM `posts` WHERE (created_at > '2011-06-14 06:32:52') AND (`posts`.`issue_id` = 76) [0m
  [4;36;1mPost Load (0.0ms)[0m   [0;1mSELECT * FROM `posts` WHERE (`posts`.`issue_id` = 76) [0m
Rendered issues/_content (2.0ms)
  [4;35;1mCACHE (0.0ms)[0m   [0mSELECT * FROM `users` WHERE (`users`.`id` = 2) LIMIT 1[0m
  [4;36;1mVisit Load (0.1ms)[0m   [0;1mSELECT * FROM `visits` WHERE (`visits`.`issue_id` = 75 AND `visits`.`user_id` = 2) LIMIT 1[0m
  [4;35;1mPost Load (0.0ms)[0m   [0mSELECT * FROM `posts` WHERE (created_at > '2011-06-14 06:28:07') AND (`posts`.`issue_id` = 75) [0m
  [4;36;1mPost Load (0.0ms)[0m   [0;1mSELECT * FROM `posts` WHERE (`posts`.`issue_id` = 75) [0m
Rendered issues/_content (2.0ms)
  [4;35;1mCACHE (0.0ms)[0m   [0mSELECT * FROM `users` WHERE (`users`.`id` = 2) LIMIT 1[0m
  [4;36;1mVisit Load (0.2ms)[0m   [0;1mSELECT * FROM `visits` WHERE (`visits`.`issue_id` = 74 AND `visits`.`user_id` = 2) LIMIT 1[0m
  [4;35;1mPost Load (0.0ms)[0m   [0mSELECT * FROM `posts` WHERE (created_at > '2011-06-14 06:25:18') AND (`posts`.`issue_id` = 74) [0m
  [4;36;1mPost Load (0.0ms)[0m   [0;1mSELECT * FROM `posts` WHERE (`posts`.`issue_id` = 74) [0m
Rendered issues/_content (2.2ms)
  [4;35;1mCACHE (0.0ms)[0m   [0mSELECT * FROM `users` WHERE (`users`.`id` = 2) LIMIT 1[0m
  [4;36;1mVisit Load (0.1ms)[0m   [0;1mSELECT * FROM `visits` WHERE (`visits`.`issue_id` = 73 AND `visits`.`user_id` = 2) LIMIT 1[0m
  [4;35;1mPost Load (0.0ms)[0m   [0mSELECT * FROM `posts` WHERE (created_at > '2011-06-14 06:25:01') AND (`posts`.`issue_id` = 73) [0m
  [4;36;1mPost Load (0.0ms)[0m   [0;1mSELECT * FROM `posts` WHERE (`posts`.`issue_id` = 73) [0m
Rendered issues/_content (1.9ms)
  [4;35;1mCACHE (0.0ms)[0m   [0mSELECT * FROM `users` WHERE (`users`.`id` = 2) LIMIT 1[0m
  [4;36;1mVisit Load (0.1ms)[0m   [0;1mSELECT * FROM `visits` WHERE (`visits`.`issue_id` = 72 AND `visits`.`user_id` = 2) LIMIT 1[0m
  [4;35;1mPost Load (0.0ms)[0m   [0mSELECT * FROM `posts` WHERE (created_at > '2011-06-14 06:24:36') AND (`posts`.`issue_id` = 72) [0m
  [4;36;1mPost Load (0.0ms)[0m   [0;1mSELECT * FROM `posts` WHERE (`posts`.`issue_id` = 72) [0m
Rendered issues/_content (1.9ms)
  [4;35;1mCACHE (0.0ms)[0m   [0mSELECT * FROM `users` WHERE (`users`.`id` = 2) LIMIT 1[0m
  [4;36;1mVisit Load (0.1ms)[0m   [0;1mSELECT * FROM `visits` WHERE (`visits`.`issue_id` = 71 AND `visits`.`user_id` = 2) LIMIT 1[0m
  [4;35;1mPost Load (0.0ms)[0m   [0mSELECT * FROM `posts` WHERE (created_at > '2011-06-14 06:23:04') AND (`posts`.`issue_id` = 71) [0m
  [4;36;1mPost Load (0.0ms)[0m   [0;1mSELECT * FROM `posts` WHERE (`posts`.`issue_id` = 71) [0m
Rendered issues/_content (1.9ms)
  [4;35;1mCACHE (0.0ms)[0m   [0mSELECT * FROM `users` WHERE (`users`.`id` = 2) LIMIT 1[0m
  [4;36;1mVisit Load (0.2ms)[0m   [0;1mSELECT * FROM `visits` WHERE (`visits`.`issue_id` = 70 AND `visits`.`user_id` = 2) LIMIT 1[0m
  [4;35;1mPost Load (0.0ms)[0m   [0mSELECT * FROM `posts` WHERE (created_at > '2011-06-14 06:22:12') AND (`posts`.`issue_id` = 70) [0m
  [4;36;1mPost Load (0.0ms)[0m   [0;1mSELECT * FROM `posts` WHERE (`posts`.`issue_id` = 70) [0m
Rendered issues/_content (2.1ms)
  [4;35;1mCACHE (0.0ms)[0m   [0mSELECT * FROM `users` WHERE (`users`.`id` = 2) LIMIT 1[0m
  [4;36;1mVisit Load (0.1ms)[0m   [0;1mSELECT * FROM `visits` WHERE (`visits`.`issue_id` = 69 AND `visits`.`user_id` = 2) LIMIT 1[0m
  [4;35;1mPost Load (0.0ms)[0m   [0mSELECT * FROM `posts` WHERE (created_at > '2011-06-14 06:20:15') AND (`posts`.`issue_id` = 69) [0m
  [4;36;1mPost Load (0.0ms)[0m   [0;1mSELECT * FROM `posts` WHERE (`posts`.`issue_id` = 69) [0m
Rendered issues/_content (2.0ms)
  [4;35;1mCACHE (0.0ms)[0m   [0mSELECT * FROM `users` WHERE (`users`.`id` = 2) LIMIT 1[0m
  [4;36;1mVisit Load (0.2ms)[0m   [0;1mSELECT * FROM `visits` WHERE (`visits`.`issue_id` = 68 AND `visits`.`user_id` = 2) LIMIT 1[0m
  [4;35;1mPost Load (0.1ms)[0m   [0mSELECT * FROM `posts` WHERE (created_at > '2011-06-14 06:19:16') AND (`posts`.`issue_id` = 68) [0m
  [4;36;1mPost Load (0.0ms)[0m   [0;1mSELECT * FROM `posts` WHERE (`posts`.`issue_id` = 68) [0m
Rendered issues/_content (2.2ms)
  [4;35;1mCACHE (0.0ms)[0m   [0mSELECT * FROM `users` WHERE (`users`.`id` = 2) LIMIT 1[0m
  [4;36;1mVisit Load (0.2ms)[0m   [0;1mSELECT * FROM `visits` WHERE (`visits`.`issue_id` = 67 AND `visits`.`user_id` = 2) LIMIT 1[0m
  [4;35;1mPost Load (0.0ms)[0m   [0mSELECT * FROM `posts` WHERE (created_at > '2011-06-14 06:16:13') AND (`posts`.`issue_id` = 67) [0m
  [4;36;1mPost Load (0.0ms)[0m   [0;1mSELECT * FROM `posts` WHERE (`posts`.`issue_id` = 67) [0m
Rendered issues/_content (2.2ms)
  [4;35;1mCACHE (0.0ms)[0m   [0mSELECT * FROM `users` WHERE (`users`.`id` = 2) LIMIT 1[0m
  [4;36;1mVisit Load (0.3ms)[0m   [0;1mSELECT * FROM `visits` WHERE (`visits`.`issue_id` = 63 AND `visits`.`user_id` = 2) LIMIT 1[0m
  [4;35;1mPost Load (0.0ms)[0m   [0mSELECT * FROM `posts` WHERE (created_at > '2011-06-14 06:07:46') AND (`posts`.`issue_id` = 63) [0m
  [4;36;1mPost Load (0.0ms)[0m   [0;1mSELECT * FROM `posts` WHERE (`posts`.`issue_id` = 63) [0m
Rendered issues/_content (56.0ms)
Rendered issues/_bugs (99.6ms)
  [4;35;1mCACHE (0.0ms)[0m   [0mSELECT * FROM `users` WHERE (`users`.`id` = 2) LIMIT 1[0m
  [4;36;1mVisit Load (0.2ms)[0m   [0;1mSELECT * FROM `visits` WHERE (`visits`.`issue_id` = 64 AND `visits`.`user_id` = 2) LIMIT 1[0m
  [4;35;1mPost Load (0.0ms)[0m   [0mSELECT * FROM `posts` WHERE (created_at > '2011-06-14 06:06:49') AND (`posts`.`issue_id` = 64) [0m
  [4;36;1mPost Load (0.0ms)[0m   [0;1mSELECT * FROM `posts` WHERE (`posts`.`issue_id` = 64) [0m
Rendered issues/_content (2.6ms)
  [4;35;1mCACHE (0.0ms)[0m   [0mSELECT * FROM `users` WHERE (`users`.`id` = 2) LIMIT 1[0m
  [4;36;1mVisit Load (0.2ms)[0m   [0;1mSELECT * FROM `visits` WHERE (`visits`.`issue_id` = 61 AND `visits`.`user_id` = 2) LIMIT 1[0m
  [4;35;1mPost Load (0.0ms)[0m   [0mSELECT * FROM `posts` WHERE (created_at > '2011-06-14 06:10:12') AND (`posts`.`issue_id` = 61) [0m
  [4;36;1mPost Load (0.0ms)[0m   [0;1mSELECT * FROM `posts` WHERE (`posts`.`issue_id` = 61) [0m
Rendered issues/_content (2.4ms)
Rendered issues/_features (5.5ms)
  [4;35;1mCACHE (0.0ms)[0m   [0mSELECT * FROM `users` WHERE (`users`.`id` = 2) LIMIT 1[0m
  [4;36;1mVisit Load (0.2ms)[0m   [0;1mSELECT * FROM `visits` WHERE (`visits`.`issue_id` = 66 AND `visits`.`user_id` = 2) LIMIT 1[0m
  [4;35;1mPost Load (0.0ms)[0m   [0mSELECT * FROM `posts` WHERE (created_at > '2011-06-14 06:08:56') AND (`posts`.`issue_id` = 66) [0m
  [4;36;1mPost Load (0.0ms)[0m   [0;1mSELECT * FROM `posts` WHERE (`posts`.`issue_id` = 66) [0m
Rendered issues/_content (2.4ms)
Rendered issues/_tasks (2.6ms)
  [4;35;1mCACHE (0.0ms)[0m   [0mSELECT * FROM `users` WHERE (`users`.`id` = 2) LIMIT 1[0m
  [4;36;1mVisit Load (0.2ms)[0m   [0;1mSELECT * FROM `visits` WHERE (`visits`.`issue_id` = 65 AND `visits`.`user_id` = 2) LIMIT 1[0m
  [4;35;1mPost Load (0.0ms)[0m   [0mSELECT * FROM `posts` WHERE (created_at > '2011-06-14 06:08:05') AND (`posts`.`issue_id` = 65) [0m
  [4;36;1mPost Load (0.0ms)[0m   [0;1mSELECT * FROM `posts` WHERE (`posts`.`issue_id` = 65) [0m
Rendered issues/_content (2.4ms)
Rendered issues/_queries (2.6ms)
Completed in 132ms (View: 108, DB: 8) | 200 OK [http://karthik.loc/issues/my_issues/2]
  [4;35;1mSQL (0.1ms)[0m   [0mSET SQL_AUTO_IS_NULL=0[0m


Processing ApplicationController#index (for 127.0.0.1 at 2011-06-14 18:10:16) [GET]

ActionController::RoutingError (No route matches "/stylesheets/my_issues.css" with {:method=>:get}):
  /usr/lib/ruby/1.8/mongrel.rb:159:in `process_client'
  /usr/lib/ruby/1.8/mongrel.rb:158:in `each'
  /usr/lib/ruby/1.8/mongrel.rb:158:in `process_client'
  /usr/lib/ruby/1.8/mongrel.rb:285:in `run'
  /usr/lib/ruby/1.8/mongrel.rb:285:in `initialize'
  /usr/lib/ruby/1.8/mongrel.rb:285:in `new'
  /usr/lib/ruby/1.8/mongrel.rb:285:in `run'
  /usr/lib/ruby/1.8/mongrel.rb:268:in `initialize'
  /usr/lib/ruby/1.8/mongrel.rb:268:in `new'
  /usr/lib/ruby/1.8/mongrel.rb:268:in `run'

Rendering rescues/layout (not_found)
  [4;36;1mSQL (0.1ms)[0m   [0;1mSET SQL_AUTO_IS_NULL=0[0m


Processing ApplicationController#index (for 127.0.0.1 at 2011-06-14 18:10:16) [GET]

ActionController::RoutingError (No route matches "/stylesheets/my_everything.css" with {:method=>:get}):
  /usr/lib/ruby/1.8/mongrel.rb:159:in `process_client'
  /usr/lib/ruby/1.8/mongrel.rb:158:in `each'
  /usr/lib/ruby/1.8/mongrel.rb:158:in `process_client'
  /usr/lib/ruby/1.8/mongrel.rb:285:in `run'
  /usr/lib/ruby/1.8/mongrel.rb:285:in `initialize'
  /usr/lib/ruby/1.8/mongrel.rb:285:in `new'
  /usr/lib/ruby/1.8/mongrel.rb:285:in `run'
  /usr/lib/ruby/1.8/mongrel.rb:268:in `initialize'
  /usr/lib/ruby/1.8/mongrel.rb:268:in `new'
  /usr/lib/ruby/1.8/mongrel.rb:268:in `run'

Rendering rescues/layout (not_found)
  [4;35;1mSQL (0.1ms)[0m   [0mSET SQL_AUTO_IS_NULL=0[0m


Processing ApplicationController#index (for 127.0.0.1 at 2011-06-14 18:10:16) [GET]

ActionController::RoutingError (No route matches "/stylesheets/my_style.css" with {:method=>:get}):
  /usr/lib/ruby/1.8/mongrel.rb:159:in `process_client'
  /usr/lib/ruby/1.8/mongrel.rb:158:in `each'
  /usr/lib/ruby/1.8/mongrel.rb:158:in `process_client'
  /usr/lib/ruby/1.8/mongrel.rb:285:in `run'
  /usr/lib/ruby/1.8/mongrel.rb:285:in `initialize'
  /usr/lib/ruby/1.8/mongrel.rb:285:in `new'
  /usr/lib/ruby/1.8/mongrel.rb:285:in `run'
  /usr/lib/ruby/1.8/mongrel.rb:268:in `initialize'
  /usr/lib/ruby/1.8/mongrel.rb:268:in `new'
  /usr/lib/ruby/1.8/mongrel.rb:268:in `run'

Rendering rescues/layout (not_found)
  [4;36;1mSQL (0.1ms)[0m   [0;1mSET SQL_AUTO_IS_NULL=0[0m


Processing ApplicationController#index (for 127.0.0.1 at 2011-06-14 18:10:17) [GET]

ActionController::RoutingError (No route matches "/stylesheets/my_issues.css" with {:method=>:get}):
  /usr/lib/ruby/1.8/mongrel.rb:159:in `process_client'
  /usr/lib/ruby/1.8/mongrel.rb:158:in `each'
  /usr/lib/ruby/1.8/mongrel.rb:158:in `process_client'
  /usr/lib/ruby/1.8/mongrel.rb:285:in `run'
  /usr/lib/ruby/1.8/mongrel.rb:285:in `initialize'
  /usr/lib/ruby/1.8/mongrel.rb:285:in `new'
  /usr/lib/ruby/1.8/mongrel.rb:285:in `run'
  /usr/lib/ruby/1.8/mongrel.rb:268:in `initialize'
  /usr/lib/ruby/1.8/mongrel.rb:268:in `new'
  /usr/lib/ruby/1.8/mongrel.rb:268:in `run'

Rendering rescues/layout (not_found)
  [4;35;1mSQL (0.1ms)[0m   [0mSET SQL_AUTO_IS_NULL=0[0m


Processing ApplicationController#index (for 127.0.0.1 at 2011-06-14 18:10:17) [GET]

ActionController::RoutingError (No route matches "/stylesheets/my_everything.css" with {:method=>:get}):
  /usr/lib/ruby/1.8/mongrel.rb:159:in `process_client'
  /usr/lib/ruby/1.8/mongrel.rb:158:in `each'
  /usr/lib/ruby/1.8/mongrel.rb:158:in `process_client'
  /usr/lib/ruby/1.8/mongrel.rb:285:in `run'
  /usr/lib/ruby/1.8/mongrel.rb:285:in `initialize'
  /usr/lib/ruby/1.8/mongrel.rb:285:in `new'
  /usr/lib/ruby/1.8/mongrel.rb:285:in `run'
  /usr/lib/ruby/1.8/mongrel.rb:268:in `initialize'
  /usr/lib/ruby/1.8/mongrel.rb:268:in `new'
  /usr/lib/ruby/1.8/mongrel.rb:268:in `run'

Rendering rescues/layout (not_found)
  [4;36;1mSQL (0.1ms)[0m   [0;1mSET SQL_AUTO_IS_NULL=0[0m


Processing ApplicationController#index (for 127.0.0.1 at 2011-06-14 18:10:17) [GET]

ActionController::RoutingError (No route matches "/stylesheets/my_style.css" with {:method=>:get}):
  /usr/lib/ruby/1.8/mongrel.rb:159:in `process_client'
  /usr/lib/ruby/1.8/mongrel.rb:158:in `each'
  /usr/lib/ruby/1.8/mongrel.rb:158:in `process_client'
  /usr/lib/ruby/1.8/mongrel.rb:285:in `run'
  /usr/lib/ruby/1.8/mongrel.rb:285:in `initialize'
  /usr/lib/ruby/1.8/mongrel.rb:285:in `new'
  /usr/lib/ruby/1.8/mongrel.rb:285:in `run'
  /usr/lib/ruby/1.8/mongrel.rb:268:in `initialize'
  /usr/lib/ruby/1.8/mongrel.rb:268:in `new'
  /usr/lib/ruby/1.8/mongrel.rb:268:in `run'

Rendering rescues/layout (not_found)
  [4;35;1mSQL (0.1ms)[0m   [0mSET SQL_AUTO_IS_NULL=0[0m


Processing IssuesController#new (for 127.0.0.1 at 2011-06-14 18:10:35) [GET]
  [4;36;1mUser Columns (0.6ms)[0m   [0;1mSHOW FIELDS FROM `users`[0m
  [4;35;1mUser Load (0.1ms)[0m   [0mSELECT * FROM `users` WHERE (`users`.`id` = 2) LIMIT 1[0m
  [4;36;1mIssue Columns (0.7ms)[0m   [0;1mSHOW FIELDS FROM `issues`[0m
Rendering template within layouts/issues
Rendering issues/new
  [4;35;1mUser Load (0.5ms)[0m   [0mSELECT * FROM `users` ORDER BY login[0m
Completed in 31ms (View: 22, DB: 2) | 200 OK [http://karthik.loc/issues/new]
  [4;36;1mSQL (0.1ms)[0m   [0;1mSET SQL_AUTO_IS_NULL=0[0m


Processing ApplicationController#index (for 127.0.0.1 at 2011-06-14 18:10:35) [GET]

ActionController::RoutingError (No route matches "/stylesheets/my_style.css" with {:method=>:get}):
  /usr/lib/ruby/1.8/mongrel.rb:159:in `process_client'
  /usr/lib/ruby/1.8/mongrel.rb:158:in `each'
  /usr/lib/ruby/1.8/mongrel.rb:158:in `process_client'
  /usr/lib/ruby/1.8/mongrel.rb:285:in `run'
  /usr/lib/ruby/1.8/mongrel.rb:285:in `initialize'
  /usr/lib/ruby/1.8/mongrel.rb:285:in `new'
  /usr/lib/ruby/1.8/mongrel.rb:285:in `run'
  /usr/lib/ruby/1.8/mongrel.rb:268:in `initialize'
  /usr/lib/ruby/1.8/mongrel.rb:268:in `new'
  /usr/lib/ruby/1.8/mongrel.rb:268:in `run'

Rendering rescues/layout (not_found)
  [4;35;1mSQL (0.1ms)[0m   [0mSET SQL_AUTO_IS_NULL=0[0m


Processing ApplicationController#index (for 127.0.0.1 at 2011-06-14 18:10:35) [GET]

ActionController::RoutingError (No route matches "/stylesheets/new_bug.css" with {:method=>:get}):
  /usr/lib/ruby/1.8/mongrel.rb:159:in `process_client'
  /usr/lib/ruby/1.8/mongrel.rb:158:in `each'
  /usr/lib/ruby/1.8/mongrel.rb:158:in `process_client'
  /usr/lib/ruby/1.8/mongrel.rb:285:in `run'
  /usr/lib/ruby/1.8/mongrel.rb:285:in `initialize'
  /usr/lib/ruby/1.8/mongrel.rb:285:in `new'
  /usr/lib/ruby/1.8/mongrel.rb:285:in `run'
  /usr/lib/ruby/1.8/mongrel.rb:268:in `initialize'
  /usr/lib/ruby/1.8/mongrel.rb:268:in `new'
  /usr/lib/ruby/1.8/mongrel.rb:268:in `run'

Rendering rescues/layout (not_found)
  [4;36;1mSQL (0.1ms)[0m   [0;1mSET SQL_AUTO_IS_NULL=0[0m


Processing ApplicationController#index (for 127.0.0.1 at 2011-06-14 18:10:35) [GET]

ActionController::RoutingError (No route matches "/stylesheets/my_style.css" with {:method=>:get}):
  /usr/lib/ruby/1.8/mongrel.rb:159:in `process_client'
  /usr/lib/ruby/1.8/mongrel.rb:158:in `each'
  /usr/lib/ruby/1.8/mongrel.rb:158:in `process_client'
  /usr/lib/ruby/1.8/mongrel.rb:285:in `run'
  /usr/lib/ruby/1.8/mongrel.rb:285:in `initialize'
  /usr/lib/ruby/1.8/mongrel.rb:285:in `new'
  /usr/lib/ruby/1.8/mongrel.rb:285:in `run'
  /usr/lib/ruby/1.8/mongrel.rb:268:in `initialize'
  /usr/lib/ruby/1.8/mongrel.rb:268:in `new'
  /usr/lib/ruby/1.8/mongrel.rb:268:in `run'

Rendering rescues/layout (not_found)
  [4;35;1mSQL (0.1ms)[0m   [0mSET SQL_AUTO_IS_NULL=0[0m


Processing ApplicationController#index (for 127.0.0.1 at 2011-06-14 18:10:35) [GET]

ActionController::RoutingError (No route matches "/stylesheets/new_bug.css" with {:method=>:get}):
  /usr/lib/ruby/1.8/mongrel.rb:159:in `process_client'
  /usr/lib/ruby/1.8/mongrel.rb:158:in `each'
  /usr/lib/ruby/1.8/mongrel.rb:158:in `process_client'
  /usr/lib/ruby/1.8/mongrel.rb:285:in `run'
  /usr/lib/ruby/1.8/mongrel.rb:285:in `initialize'
  /usr/lib/ruby/1.8/mongrel.rb:285:in `new'
  /usr/lib/ruby/1.8/mongrel.rb:285:in `run'
  /usr/lib/ruby/1.8/mongrel.rb:268:in `initialize'
  /usr/lib/ruby/1.8/mongrel.rb:268:in `new'
  /usr/lib/ruby/1.8/mongrel.rb:268:in `run'

Rendering rescues/layout (not_found)
  [4;36;1mSQL (0.1ms)[0m   [0;1mSET SQL_AUTO_IS_NULL=0[0m


Processing IssuesController#new (for 127.0.0.1 at 2011-06-14 18:10:55) [GET]
  [4;35;1mUser Columns (0.7ms)[0m   [0mSHOW FIELDS FROM `users`[0m
  [4;36;1mUser Load (0.1ms)[0m   [0;1mSELECT * FROM `users` WHERE (`users`.`id` = 2) LIMIT 1[0m
  [4;35;1mIssue Columns (0.6ms)[0m   [0mSHOW FIELDS FROM `issues`[0m
Rendering template within layouts/issues
Rendering issues/new
  [4;36;1mUser Load (0.1ms)[0m   [0;1mSELECT * FROM `users` ORDER BY login[0m
Completed in 12ms (View: 4, DB: 2) | 200 OK [http://karthik.loc/issues/new]
  [4;35;1mSQL (0.1ms)[0m   [0mSET SQL_AUTO_IS_NULL=0[0m


Processing ApplicationController#index (for 127.0.0.1 at 2011-06-14 18:10:55) [GET]

ActionController::RoutingError (No route matches "/stylesheets/my_style.css" with {:method=>:get}):
  /usr/lib/ruby/1.8/mongrel.rb:159:in `process_client'
  /usr/lib/ruby/1.8/mongrel.rb:158:in `each'
  /usr/lib/ruby/1.8/mongrel.rb:158:in `process_client'
  /usr/lib/ruby/1.8/mongrel.rb:285:in `run'
  /usr/lib/ruby/1.8/mongrel.rb:285:in `initialize'
  /usr/lib/ruby/1.8/mongrel.rb:285:in `new'
  /usr/lib/ruby/1.8/mongrel.rb:285:in `run'
  /usr/lib/ruby/1.8/mongrel.rb:268:in `initialize'
  /usr/lib/ruby/1.8/mongrel.rb:268:in `new'
  /usr/lib/ruby/1.8/mongrel.rb:268:in `run'

Rendering rescues/layout (not_found)
  [4;36;1mSQL (0.1ms)[0m   [0;1mSET SQL_AUTO_IS_NULL=0[0m


Processing ApplicationController#index (for 127.0.0.1 at 2011-06-14 18:10:55) [GET]

ActionController::RoutingError (No route matches "/stylesheets/new_bug.css" with {:method=>:get}):
  /usr/lib/ruby/1.8/mongrel.rb:159:in `process_client'
  /usr/lib/ruby/1.8/mongrel.rb:158:in `each'
  /usr/lib/ruby/1.8/mongrel.rb:158:in `process_client'
  /usr/lib/ruby/1.8/mongrel.rb:285:in `run'
  /usr/lib/ruby/1.8/mongrel.rb:285:in `initialize'
  /usr/lib/ruby/1.8/mongrel.rb:285:in `new'
  /usr/lib/ruby/1.8/mongrel.rb:285:in `run'
  /usr/lib/ruby/1.8/mongrel.rb:268:in `initialize'
  /usr/lib/ruby/1.8/mongrel.rb:268:in `new'
  /usr/lib/ruby/1.8/mongrel.rb:268:in `run'

Rendering rescues/layout (not_found)
  [4;35;1mSQL (0.1ms)[0m   [0mSET SQL_AUTO_IS_NULL=0[0m


Processing ApplicationController#index (for 127.0.0.1 at 2011-06-14 18:10:55) [GET]

ActionController::RoutingError (No route matches "/stylesheets/my_style.css" with {:method=>:get}):
  /usr/lib/ruby/1.8/mongrel.rb:159:in `process_client'
  /usr/lib/ruby/1.8/mongrel.rb:158:in `each'
  /usr/lib/ruby/1.8/mongrel.rb:158:in `process_client'
  /usr/lib/ruby/1.8/mongrel.rb:285:in `run'
  /usr/lib/ruby/1.8/mongrel.rb:285:in `initialize'
  /usr/lib/ruby/1.8/mongrel.rb:285:in `new'
  /usr/lib/ruby/1.8/mongrel.rb:285:in `run'
  /usr/lib/ruby/1.8/mongrel.rb:268:in `initialize'
  /usr/lib/ruby/1.8/mongrel.rb:268:in `new'
  /usr/lib/ruby/1.8/mongrel.rb:268:in `run'

Rendering rescues/layout (not_found)
  [4;36;1mSQL (0.1ms)[0m   [0;1mSET SQL_AUTO_IS_NULL=0[0m


Processing ApplicationController#index (for 127.0.0.1 at 2011-06-14 18:10:55) [GET]

ActionController::RoutingError (No route matches "/stylesheets/new_bug.css" with {:method=>:get}):
  /usr/lib/ruby/1.8/mongrel.rb:159:in `process_client'
  /usr/lib/ruby/1.8/mongrel.rb:158:in `each'
  /usr/lib/ruby/1.8/mongrel.rb:158:in `process_client'
  /usr/lib/ruby/1.8/mongrel.rb:285:in `run'
  /usr/lib/ruby/1.8/mongrel.rb:285:in `initialize'
  /usr/lib/ruby/1.8/mongrel.rb:285:in `new'
  /usr/lib/ruby/1.8/mongrel.rb:285:in `run'
  /usr/lib/ruby/1.8/mongrel.rb:268:in `initialize'
  /usr/lib/ruby/1.8/mongrel.rb:268:in `new'
  /usr/lib/ruby/1.8/mongrel.rb:268:in `run'

Rendering rescues/layout (not_found)
  [4;35;1mSQL (0.1ms)[0m   [0mSET SQL_AUTO_IS_NULL=0[0m


Processing IssuesController#create (for 127.0.0.1 at 2011-06-14 18:11:08) [POST]
  Parameters: {"commit"=>"Add Bug", "detailed_description"=>"", "issue"=>{"assigned_to"=>"2", "issue_type"=>"Bug"}, "summary"=>"qwerty"}
  [4;36;1mUser Columns (0.7ms)[0m   [0;1mSHOW FIELDS FROM `users`[0m
  [4;35;1mUser Load (0.1ms)[0m   [0mSELECT * FROM `users` WHERE (`users`.`id` = 2) LIMIT 1[0m
  [4;36;1mIssue Columns (0.9ms)[0m   [0;1mSHOW FIELDS FROM `issues`[0m
  [4;35;1mSQL (0.1ms)[0m   [0mBEGIN[0m
  [4;36;1mIssue Create (0.3ms)[0m   [0;1mINSERT INTO `issues` (`assigned_to`, `image_file_name`, `created_at`, `image_file_size`, `short_description`, `updated_at`, `detailed_description`, `image_content_type`, `issue_type`, `user_id`, `status`) VALUES(2, NULL, '2011-06-14 12:41:08', NULL, NULL, '2011-06-14 12:41:08', NULL, NULL, 'Bug', 2, NULL)[0m
[paperclip] Saving attachments.
  [4;35;1mSQL (33.8ms)[0m   [0mCOMMIT[0m
  [4;36;1mSQL (0.0ms)[0m   [0;1mBEGIN[0m
  [4;35;1mIssue Update (0.2ms)[0m   [0mUPDATE `issues` SET `updated_at` = '2011-06-14 12:41:08', `status` = 'Open', `short_description` = 'qwerty', `detailed_description` = '' WHERE `id` = 83[0m
[paperclip] Saving attachments.
  [4;36;1mSQL (23.5ms)[0m   [0;1mCOMMIT[0m
  [4;35;1mUser Load (0.3ms)[0m   [0mSELECT * FROM `users` WHERE (`users`.`id` = 2) [0m
  [4;36;1mUser Load (0.2ms)[0m   [0;1mSELECT * FROM `users` [0m
  [4;35;1mVisit Columns (0.4ms)[0m   [0mSHOW FIELDS FROM `visits`[0m
  [4;36;1mSQL (0.0ms)[0m   [0;1mBEGIN[0m
  [4;35;1mVisit Create (0.2ms)[0m   [0mINSERT INTO `visits` (`issue_id`, `user_id`, `visited_at`) VALUES(83, 2, '2011-06-14 12:41:08')[0m
  [4;36;1mSQL (27.8ms)[0m   [0;1mCOMMIT[0m
  [4;35;1mSQL (0.0ms)[0m   [0mBEGIN[0m
  [4;36;1mVisit Create (0.1ms)[0m   [0;1mINSERT INTO `visits` (`issue_id`, `user_id`, `visited_at`) VALUES(83, 3, '2011-06-14 12:41:08')[0m
  [4;35;1mSQL (23.8ms)[0m   [0mCOMMIT[0m
  [4;36;1mSQL (0.0ms)[0m   [0;1mBEGIN[0m
  [4;35;1mVisit Create (0.1ms)[0m   [0mINSERT INTO `visits` (`issue_id`, `user_id`, `visited_at`) VALUES(83, 4, '2011-06-14 12:41:08')[0m
  [4;36;1mSQL (31.9ms)[0m   [0;1mCOMMIT[0m
  [4;35;1mSQL (0.1ms)[0m   [0mBEGIN[0m
  [4;36;1mVisit Create (0.2ms)[0m   [0;1mINSERT INTO `visits` (`issue_id`, `user_id`, `visited_at`) VALUES(83, 5, '2011-06-14 12:41:08')[0m
  [4;35;1mSQL (31.4ms)[0m   [0mCOMMIT[0m
Sent mail to karthik@kern-comm.com

Date: Tue, 14 Jun 2011 18:11:08 +0530
From: team@lionsher.com
To: karthik@kern-comm.com
Subject: [localhost:3000] BUGZ: A new issue has been assigned to you
Mime-Version: 1.0
Content-Type: text/html; charset=utf-8

<html>
  <head>
  </head>
  <body>
    Hi Karthik,<br/>
    A new issue has been assigned to you: qwerty<br/>

    Visit this url to check your issue:<br/><br/>

    <a href="http://localhost:3000/issues/show/83">http://localhost:3000/issues/show/83</a><br/><br/>

   </body>
</html>
Redirected to http://karthik.loc:3000/issues/user_issues/2
Completed in 8604ms (DB: 176) | 302 Found [http://karthik.loc/issues/create]
  [4;36;1mSQL (0.1ms)[0m   [0;1mSET SQL_AUTO_IS_NULL=0[0m


Processing IssuesController#user_issues (for 127.0.0.1 at 2011-06-14 18:11:17) [GET]
  Parameters: {"id"=>"2"}
  [4;35;1mUser Columns (0.6ms)[0m   [0mSHOW FIELDS FROM `users`[0m
  [4;36;1mUser Load (0.1ms)[0m   [0;1mSELECT * FROM `users` WHERE (`users`.`id` = 2) LIMIT 1[0m
  [4;35;1mUser Load (0.1ms)[0m   [0mSELECT * FROM `users` ORDER BY login[0m
Rendering template within layouts/issues
Rendering issues/user_issues
Rendered issues/_user_panel (0.7ms)
  [4;36;1mIssue Columns (0.7ms)[0m   [0;1mSHOW FIELDS FROM `issues`[0m
  [4;35;1mIssue Load (0.3ms)[0m   [0mSELECT * FROM `issues` WHERE (`issues`.`status` = 'Open' AND `issues`.`assigned_to` = 2 AND `issues`.`issue_type` = 'Bug') ORDER BY id DESC[0m
  [4;36;1mIssue Load (0.2ms)[0m   [0;1mSELECT * FROM `issues` WHERE (`issues`.`status` = 'Fixed' AND `issues`.`assigned_to` = 2 AND `issues`.`issue_type` = 'Bug') ORDER BY id DESC[0m
  [4;35;1mIssue Load (0.2ms)[0m   [0mSELECT * FROM `issues` WHERE (`issues`.`status` = 'Tested' AND `issues`.`assigned_to` = 2 AND `issues`.`issue_type` = 'Bug') ORDER BY id DESC[0m
  [4;36;1mIssue Load (0.2ms)[0m   [0;1mSELECT * FROM `issues` WHERE (`issues`.`status` = 'Closed' AND `issues`.`assigned_to` = 2 AND `issues`.`issue_type` = 'Bug') ORDER BY id DESC[0m
  [4;35;1mIssue Load (0.2ms)[0m   [0mSELECT * FROM `issues` WHERE (`issues`.`status` = 'Open' AND `issues`.`assigned_to` = 2 AND `issues`.`issue_type` = 'Feature') ORDER BY id DESC[0m
  [4;36;1mIssue Load (0.2ms)[0m   [0;1mSELECT * FROM `issues` WHERE (`issues`.`status` = 'Devdone' AND `issues`.`assigned_to` = 2 AND `issues`.`issue_type` = 'Feature') ORDER BY id DESC[0m
  [4;35;1mIssue Load (0.2ms)[0m   [0mSELECT * FROM `issues` WHERE (`issues`.`status` = 'Tested' AND `issues`.`assigned_to` = 2 AND `issues`.`issue_type` = 'Feature') ORDER BY id DESC[0m
  [4;36;1mIssue Load (0.2ms)[0m   [0;1mSELECT * FROM `issues` WHERE (`issues`.`status` = 'Closed' AND `issues`.`assigned_to` = 2 AND `issues`.`issue_type` = 'Feature') ORDER BY id DESC[0m
  [4;35;1mIssue Load (0.2ms)[0m   [0mSELECT * FROM `issues` WHERE (`issues`.`status` = 'Open' AND `issues`.`assigned_to` = 2 AND `issues`.`issue_type` = 'Enhancement') ORDER BY id DESC[0m
  [4;36;1mIssue Load (0.2ms)[0m   [0;1mSELECT * FROM `issues` WHERE (`issues`.`status` = 'Devdone' AND `issues`.`assigned_to` = 2 AND `issues`.`issue_type` = 'Enhancement') ORDER BY id DESC[0m
  [4;35;1mIssue Load (0.2ms)[0m   [0mSELECT * FROM `issues` WHERE (`issues`.`status` = 'Tested' AND `issues`.`assigned_to` = 2 AND `issues`.`issue_type` = 'Enhancement') ORDER BY id DESC[0m
  [4;36;1mIssue Load (0.2ms)[0m   [0;1mSELECT * FROM `issues` WHERE (`issues`.`status` = 'Closed' AND `issues`.`assigned_to` = 2 AND `issues`.`issue_type` = 'Enhancement') ORDER BY id DESC[0m
  [4;35;1mIssue Load (0.2ms)[0m   [0mSELECT * FROM `issues` WHERE (`issues`.`status` = 'Open' AND `issues`.`assigned_to` = 2 AND `issues`.`issue_type` = 'Task') ORDER BY id DESC[0m
  [4;36;1mIssue Load (0.2ms)[0m   [0;1mSELECT * FROM `issues` WHERE (`issues`.`status` = 'Closed' AND `issues`.`assigned_to` = 2 AND `issues`.`issue_type` = 'Task') ORDER BY id DESC[0m
  [4;35;1mIssue Load (0.2ms)[0m   [0mSELECT * FROM `issues` WHERE (`issues`.`status` = 'Open' AND `issues`.`assigned_to` = 2 AND `issues`.`issue_type` = 'Query') ORDER BY id DESC[0m
  [4;36;1mIssue Load (0.2ms)[0m   [0;1mSELECT * FROM `issues` WHERE (`issues`.`status` = 'Answered' AND `issues`.`assigned_to` = 2 AND `issues`.`issue_type` = 'Query') ORDER BY id DESC[0m
  [4;35;1mIssue Load (0.2ms)[0m   [0mSELECT * FROM `issues` WHERE (`issues`.`assigned_to` = 2) [0m
  [4;36;1mCACHE (0.0ms)[0m   [0;1mSELECT * FROM `users` WHERE (`users`.`id` = 2) LIMIT 1[0m
  [4;35;1mVisit Columns (0.4ms)[0m   [0mSHOW FIELDS FROM `visits`[0m
  [4;36;1mVisit Load (0.3ms)[0m   [0;1mSELECT * FROM `visits` WHERE (`visits`.`issue_id` = 83 AND `visits`.`user_id` = 2) LIMIT 1[0m
  [4;35;1mPost Columns (0.4ms)[0m   [0mSHOW FIELDS FROM `posts`[0m
  [4;36;1mPost Load (0.3ms)[0m   [0;1mSELECT * FROM `posts` WHERE (created_at > '2011-06-14 12:41:08') AND (`posts`.`issue_id` = 83) [0m
  [4;35;1mPost Load (0.2ms)[0m   [0mSELECT * FROM `posts` WHERE (`posts`.`issue_id` = 83) [0m
Rendered issues/_content (11.7ms)
  [4;36;1mCACHE (0.0ms)[0m   [0;1mSELECT * FROM `users` WHERE (`users`.`id` = 2) LIMIT 1[0m
  [4;35;1mVisit Load (0.2ms)[0m   [0mSELECT * FROM `visits` WHERE (`visits`.`issue_id` = 82 AND `visits`.`user_id` = 2) LIMIT 1[0m
  [4;36;1mPost Load (0.0ms)[0m   [0;1mSELECT * FROM `posts` WHERE (created_at > '2011-06-14 07:03:36') AND (`posts`.`issue_id` = 82) [0m
  [4;35;1mPost Load (0.0ms)[0m   [0mSELECT * FROM `posts` WHERE (`posts`.`issue_id` = 82) [0m
Rendered issues/_content (2.6ms)
  [4;36;1mCACHE (0.0ms)[0m   [0;1mSELECT * FROM `users` WHERE (`users`.`id` = 2) LIMIT 1[0m
  [4;35;1mVisit Load (0.1ms)[0m   [0mSELECT * FROM `visits` WHERE (`visits`.`issue_id` = 81 AND `visits`.`user_id` = 2) LIMIT 1[0m
  [4;36;1mPost Load (0.0ms)[0m   [0;1mSELECT * FROM `posts` WHERE (created_at > '2011-06-14 07:02:58') AND (`posts`.`issue_id` = 81) [0m
  [4;35;1mPost Load (0.0ms)[0m   [0mSELECT * FROM `posts` WHERE (`posts`.`issue_id` = 81) [0m
Rendered issues/_content (2.3ms)
  [4;36;1mCACHE (0.0ms)[0m   [0;1mSELECT * FROM `users` WHERE (`users`.`id` = 2) LIMIT 1[0m
  [4;35;1mVisit Load (0.1ms)[0m   [0mSELECT * FROM `visits` WHERE (`visits`.`issue_id` = 80 AND `visits`.`user_id` = 2) LIMIT 1[0m
  [4;36;1mPost Load (0.0ms)[0m   [0;1mSELECT * FROM `posts` WHERE (created_at > '2011-06-14 06:39:39') AND (`posts`.`issue_id` = 80) [0m
  [4;35;1mPost Load (0.0ms)[0m   [0mSELECT * FROM `posts` WHERE (`posts`.`issue_id` = 80) [0m
Rendered issues/_content (2.3ms)
  [4;36;1mCACHE (0.0ms)[0m   [0;1mSELECT * FROM `users` WHERE (`users`.`id` = 2) LIMIT 1[0m
  [4;35;1mVisit Load (0.1ms)[0m   [0mSELECT * FROM `visits` WHERE (`visits`.`issue_id` = 79 AND `visits`.`user_id` = 2) LIMIT 1[0m
  [4;36;1mPost Load (0.0ms)[0m   [0;1mSELECT * FROM `posts` WHERE (created_at > '2011-06-14 06:38:43') AND (`posts`.`issue_id` = 79) [0m
  [4;35;1mPost Load (0.0ms)[0m   [0mSELECT * FROM `posts` WHERE (`posts`.`issue_id` = 79) [0m
Rendered issues/_content (2.3ms)
  [4;36;1mCACHE (0.0ms)[0m   [0;1mSELECT * FROM `users` WHERE (`users`.`id` = 2) LIMIT 1[0m
  [4;35;1mVisit Load (0.1ms)[0m   [0mSELECT * FROM `visits` WHERE (`visits`.`issue_id` = 78 AND `visits`.`user_id` = 2) LIMIT 1[0m
  [4;36;1mPost Load (0.0ms)[0m   [0;1mSELECT * FROM `posts` WHERE (created_at > '2011-06-14 06:36:32') AND (`posts`.`issue_id` = 78) [0m
  [4;35;1mPost Load (0.1ms)[0m   [0mSELECT * FROM `posts` WHERE (`posts`.`issue_id` = 78) [0m
Rendered issues/_content (2.3ms)
  [4;36;1mCACHE (0.0ms)[0m   [0;1mSELECT * FROM `users` WHERE (`users`.`id` = 2) LIMIT 1[0m
  [4;35;1mVisit Load (0.2ms)[0m   [0mSELECT * FROM `visits` WHERE (`visits`.`issue_id` = 77 AND `visits`.`user_id` = 2) LIMIT 1[0m
  [4;36;1mPost Load (0.0ms)[0m   [0;1mSELECT * FROM `posts` WHERE (created_at > '2011-06-14 06:35:25') AND (`posts`.`issue_id` = 77) [0m
  [4;35;1mPost Load (0.0ms)[0m   [0mSELECT * FROM `posts` WHERE (`posts`.`issue_id` = 77) [0m
Rendered issues/_content (2.5ms)
  [4;36;1mCACHE (0.0ms)[0m   [0;1mSELECT * FROM `users` WHERE (`users`.`id` = 2) LIMIT 1[0m
  [4;35;1mVisit Load (0.1ms)[0m   [0mSELECT * FROM `visits` WHERE (`visits`.`issue_id` = 76 AND `visits`.`user_id` = 2) LIMIT 1[0m
  [4;36;1mPost Load (0.1ms)[0m   [0;1mSELECT * FROM `posts` WHERE (created_at > '2011-06-14 06:32:52') AND (`posts`.`issue_id` = 76) [0m
  [4;35;1mPost Load (0.1ms)[0m   [0mSELECT * FROM `posts` WHERE (`posts`.`issue_id` = 76) [0m
Rendered issues/_content (2.4ms)
  [4;36;1mCACHE (0.0ms)[0m   [0;1mSELECT * FROM `users` WHERE (`users`.`id` = 2) LIMIT 1[0m
  [4;35;1mVisit Load (0.2ms)[0m   [0mSELECT * FROM `visits` WHERE (`visits`.`issue_id` = 75 AND `visits`.`user_id` = 2) LIMIT 1[0m
  [4;36;1mPost Load (0.1ms)[0m   [0;1mSELECT * FROM `posts` WHERE (created_at > '2011-06-14 06:28:07') AND (`posts`.`issue_id` = 75) [0m
  [4;35;1mPost Load (0.0ms)[0m   [0mSELECT * FROM `posts` WHERE (`posts`.`issue_id` = 75) [0m
Rendered issues/_content (2.6ms)
  [4;36;1mCACHE (0.0ms)[0m   [0;1mSELECT * FROM `users` WHERE (`users`.`id` = 2) LIMIT 1[0m
  [4;35;1mVisit Load (0.2ms)[0m   [0mSELECT * FROM `visits` WHERE (`visits`.`issue_id` = 74 AND `visits`.`user_id` = 2) LIMIT 1[0m
  [4;36;1mPost Load (0.0ms)[0m   [0;1mSELECT * FROM `posts` WHERE (created_at > '2011-06-14 06:25:18') AND (`posts`.`issue_id` = 74) [0m
  [4;35;1mPost Load (0.0ms)[0m   [0mSELECT * FROM `posts` WHERE (`posts`.`issue_id` = 74) [0m
Rendered issues/_content (2.3ms)
  [4;36;1mCACHE (0.0ms)[0m   [0;1mSELECT * FROM `users` WHERE (`users`.`id` = 2) LIMIT 1[0m
  [4;35;1mVisit Load (0.2ms)[0m   [0mSELECT * FROM `visits` WHERE (`visits`.`issue_id` = 73 AND `visits`.`user_id` = 2) LIMIT 1[0m
  [4;36;1mPost Load (0.0ms)[0m   [0;1mSELECT * FROM `posts` WHERE (created_at > '2011-06-14 06:25:01') AND (`posts`.`issue_id` = 73) [0m
  [4;35;1mPost Load (0.0ms)[0m   [0mSELECT * FROM `posts` WHERE (`posts`.`issue_id` = 73) [0m
Rendered issues/_content (2.0ms)
  [4;36;1mCACHE (0.0ms)[0m   [0;1mSELECT * FROM `users` WHERE (`users`.`id` = 2) LIMIT 1[0m
  [4;35;1mVisit Load (0.1ms)[0m   [0mSELECT * FROM `visits` WHERE (`visits`.`issue_id` = 72 AND `visits`.`user_id` = 2) LIMIT 1[0m
  [4;36;1mPost Load (0.0ms)[0m   [0;1mSELECT * FROM `posts` WHERE (created_at > '2011-06-14 06:24:36') AND (`posts`.`issue_id` = 72) [0m
  [4;35;1mPost Load (0.0ms)[0m   [0mSELECT * FROM `posts` WHERE (`posts`.`issue_id` = 72) [0m
Rendered issues/_content (1.9ms)
  [4;36;1mCACHE (0.0ms)[0m   [0;1mSELECT * FROM `users` WHERE (`users`.`id` = 2) LIMIT 1[0m
  [4;35;1mVisit Load (0.1ms)[0m   [0mSELECT * FROM `visits` WHERE (`visits`.`issue_id` = 71 AND `visits`.`user_id` = 2) LIMIT 1[0m
  [4;36;1mPost Load (0.0ms)[0m   [0;1mSELECT * FROM `posts` WHERE (created_at > '2011-06-14 06:23:04') AND (`posts`.`issue_id` = 71) [0m
  [4;35;1mPost Load (0.0ms)[0m   [0mSELECT * FROM `posts` WHERE (`posts`.`issue_id` = 71) [0m
Rendered issues/_content (1.9ms)
  [4;36;1mCACHE (0.0ms)[0m   [0;1mSELECT * FROM `users` WHERE (`users`.`id` = 2) LIMIT 1[0m
  [4;35;1mVisit Load (0.1ms)[0m   [0mSELECT * FROM `visits` WHERE (`visits`.`issue_id` = 70 AND `visits`.`user_id` = 2) LIMIT 1[0m
  [4;36;1mPost Load (0.0ms)[0m   [0;1mSELECT * FROM `posts` WHERE (created_at > '2011-06-14 06:22:12') AND (`posts`.`issue_id` = 70) [0m
  [4;35;1mPost Load (0.0ms)[0m   [0mSELECT * FROM `posts` WHERE (`posts`.`issue_id` = 70) [0m
Rendered issues/_content (1.9ms)
  [4;36;1mCACHE (0.0ms)[0m   [0;1mSELECT * FROM `users` WHERE (`users`.`id` = 2) LIMIT 1[0m
  [4;35;1mVisit Load (0.1ms)[0m   [0mSELECT * FROM `visits` WHERE (`visits`.`issue_id` = 69 AND `visits`.`user_id` = 2) LIMIT 1[0m
  [4;36;1mPost Load (0.0ms)[0m   [0;1mSELECT * FROM `posts` WHERE (created_at > '2011-06-14 06:20:15') AND (`posts`.`issue_id` = 69) [0m
  [4;35;1mPost Load (0.0ms)[0m   [0mSELECT * FROM `posts` WHERE (`posts`.`issue_id` = 69) [0m
Rendered issues/_content (1.8ms)
  [4;36;1mCACHE (0.0ms)[0m   [0;1mSELECT * FROM `users` WHERE (`users`.`id` = 2) LIMIT 1[0m
  [4;35;1mVisit Load (0.1ms)[0m   [0mSELECT * FROM `visits` WHERE (`visits`.`issue_id` = 68 AND `visits`.`user_id` = 2) LIMIT 1[0m
  [4;36;1mPost Load (0.0ms)[0m   [0;1mSELECT * FROM `posts` WHERE (created_at > '2011-06-14 06:19:16') AND (`posts`.`issue_id` = 68) [0m
  [4;35;1mPost Load (0.0ms)[0m   [0mSELECT * FROM `posts` WHERE (`posts`.`issue_id` = 68) [0m
Rendered issues/_content (1.9ms)
  [4;36;1mCACHE (0.0ms)[0m   [0;1mSELECT * FROM `users` WHERE (`users`.`id` = 2) LIMIT 1[0m
  [4;35;1mVisit Load (0.1ms)[0m   [0mSELECT * FROM `visits` WHERE (`visits`.`issue_id` = 67 AND `visits`.`user_id` = 2) LIMIT 1[0m
  [4;36;1mPost Load (0.0ms)[0m   [0;1mSELECT * FROM `posts` WHERE (created_at > '2011-06-14 06:16:13') AND (`posts`.`issue_id` = 67) [0m
  [4;35;1mPost Load (0.0ms)[0m   [0mSELECT * FROM `posts` WHERE (`posts`.`issue_id` = 67) [0m
Rendered issues/_content (1.8ms)
  [4;36;1mCACHE (0.0ms)[0m   [0;1mSELECT * FROM `users` WHERE (`users`.`id` = 2) LIMIT 1[0m
  [4;35;1mVisit Load (0.1ms)[0m   [0mSELECT * FROM `visits` WHERE (`visits`.`issue_id` = 63 AND `visits`.`user_id` = 2) LIMIT 1[0m
  [4;36;1mPost Load (0.0ms)[0m   [0;1mSELECT * FROM `posts` WHERE (created_at > '2011-06-14 06:07:46') AND (`posts`.`issue_id` = 63) [0m
  [4;35;1mPost Load (0.0ms)[0m   [0mSELECT * FROM `posts` WHERE (`posts`.`issue_id` = 63) [0m
Rendered issues/_content (1.9ms)
Rendered issues/_bugs (50.5ms)
  [4;36;1mCACHE (0.0ms)[0m   [0;1mSELECT * FROM `users` WHERE (`users`.`id` = 2) LIMIT 1[0m
  [4;35;1mVisit Load (0.1ms)[0m   [0mSELECT * FROM `visits` WHERE (`visits`.`issue_id` = 64 AND `visits`.`user_id` = 2) LIMIT 1[0m
  [4;36;1mPost Load (0.0ms)[0m   [0;1mSELECT * FROM `posts` WHERE (created_at > '2011-06-14 06:06:49') AND (`posts`.`issue_id` = 64) [0m
  [4;35;1mPost Load (0.0ms)[0m   [0mSELECT * FROM `posts` WHERE (`posts`.`issue_id` = 64) [0m
Rendered issues/_content (2.0ms)
  [4;36;1mCACHE (0.0ms)[0m   [0;1mSELECT * FROM `users` WHERE (`users`.`id` = 2) LIMIT 1[0m
  [4;35;1mVisit Load (0.1ms)[0m   [0mSELECT * FROM `visits` WHERE (`visits`.`issue_id` = 61 AND `visits`.`user_id` = 2) LIMIT 1[0m
  [4;36;1mPost Load (0.0ms)[0m   [0;1mSELECT * FROM `posts` WHERE (created_at > '2011-06-14 06:10:12') AND (`posts`.`issue_id` = 61) [0m
  [4;35;1mPost Load (0.0ms)[0m   [0mSELECT * FROM `posts` WHERE (`posts`.`issue_id` = 61) [0m
Rendered issues/_content (2.0ms)
Rendered issues/_features (4.2ms)
Rendered issues/_enhancements (0.7ms)
Rendered issues/_tasks (0.0ms)
  [4;36;1mCACHE (0.0ms)[0m   [0;1mSELECT * FROM `users` WHERE (`users`.`id` = 2) LIMIT 1[0m
  [4;35;1mVisit Load (0.2ms)[0m   [0mSELECT * FROM `visits` WHERE (`visits`.`issue_id` = 65 AND `visits`.`user_id` = 2) LIMIT 1[0m
  [4;36;1mPost Load (0.0ms)[0m   [0;1mSELECT * FROM `posts` WHERE (created_at > '2011-06-14 06:08:05') AND (`posts`.`issue_id` = 65) [0m
  [4;35;1mPost Load (0.0ms)[0m   [0mSELECT * FROM `posts` WHERE (`posts`.`issue_id` = 65) [0m
Rendered issues/_content (2.1ms)
Rendered issues/_queries (2.3ms)
  [4;36;1mIssue Load (0.3ms)[0m   [0;1mSELECT * FROM `issues` WHERE (`issues`.`status` = 'Open' AND `issues`.`assigned_to` = 4 AND `issues`.`issue_type` = 'Bug') ORDER BY id DESC[0m
  [4;35;1mIssue Load (0.2ms)[0m   [0mSELECT * FROM `issues` WHERE (`issues`.`status` = 'Fixed' AND `issues`.`assigned_to` = 4 AND `issues`.`issue_type` = 'Bug') ORDER BY id DESC[0m
  [4;36;1mIssue Load (0.2ms)[0m   [0;1mSELECT * FROM `issues` WHERE (`issues`.`status` = 'Tested' AND `issues`.`assigned_to` = 4 AND `issues`.`issue_type` = 'Bug') ORDER BY id DESC[0m
  [4;35;1mIssue Load (0.2ms)[0m   [0mSELECT * FROM `issues` WHERE (`issues`.`status` = 'Closed' AND `issues`.`assigned_to` = 4 AND `issues`.`issue_type` = 'Bug') ORDER BY id DESC[0m
  [4;36;1mIssue Load (0.2ms)[0m   [0;1mSELECT * FROM `issues` WHERE (`issues`.`status` = 'Open' AND `issues`.`assigned_to` = 4 AND `issues`.`issue_type` = 'Feature') ORDER BY id DESC[0m
  [4;35;1mIssue Load (0.2ms)[0m   [0mSELECT * FROM `issues` WHERE (`issues`.`status` = 'Devdone' AND `issues`.`assigned_to` = 4 AND `issues`.`issue_type` = 'Feature') ORDER BY id DESC[0m
  [4;36;1mIssue Load (0.2ms)[0m   [0;1mSELECT * FROM `issues` WHERE (`issues`.`status` = 'Tested' AND `issues`.`assigned_to` = 4 AND `issues`.`issue_type` = 'Feature') ORDER BY id DESC[0m
  [4;35;1mIssue Load (0.2ms)[0m   [0mSELECT * FROM `issues` WHERE (`issues`.`status` = 'Closed' AND `issues`.`assigned_to` = 4 AND `issues`.`issue_type` = 'Feature') ORDER BY id DESC[0m
  [4;36;1mIssue Load (0.2ms)[0m   [0;1mSELECT * FROM `issues` WHERE (`issues`.`status` = 'Open' AND `issues`.`assigned_to` = 4 AND `issues`.`issue_type` = 'Enhancement') ORDER BY id DESC[0m
  [4;35;1mIssue Load (0.2ms)[0m   [0mSELECT * FROM `issues` WHERE (`issues`.`status` = 'Devdone' AND `issues`.`assigned_to` = 4 AND `issues`.`issue_type` = 'Enhancement') ORDER BY id DESC[0m
  [4;36;1mIssue Load (0.2ms)[0m   [0;1mSELECT * FROM `issues` WHERE (`issues`.`status` = 'Tested' AND `issues`.`assigned_to` = 4 AND `issues`.`issue_type` = 'Enhancement') ORDER BY id DESC[0m
  [4;35;1mIssue Load (0.2ms)[0m   [0mSELECT * FROM `issues` WHERE (`issues`.`status` = 'Closed' AND `issues`.`assigned_to` = 4 AND `issues`.`issue_type` = 'Enhancement') ORDER BY id DESC[0m
  [4;36;1mIssue Load (0.2ms)[0m   [0;1mSELECT * FROM `issues` WHERE (`issues`.`status` = 'Open' AND `issues`.`assigned_to` = 4 AND `issues`.`issue_type` = 'Task') ORDER BY id DESC[0m
  [4;35;1mIssue Load (0.2ms)[0m   [0mSELECT * FROM `issues` WHERE (`issues`.`status` = 'Closed' AND `issues`.`assigned_to` = 4 AND `issues`.`issue_type` = 'Task') ORDER BY id DESC[0m
  [4;36;1mIssue Load (0.2ms)[0m   [0;1mSELECT * FROM `issues` WHERE (`issues`.`status` = 'Open' AND `issues`.`assigned_to` = 4 AND `issues`.`issue_type` = 'Query') ORDER BY id DESC[0m
  [4;35;1mIssue Load (0.2ms)[0m   [0mSELECT * FROM `issues` WHERE (`issues`.`status` = 'Answered' AND `issues`.`assigned_to` = 4 AND `issues`.`issue_type` = 'Query') ORDER BY id DESC[0m
  [4;36;1mIssue Load (0.1ms)[0m   [0;1mSELECT * FROM `issues` WHERE (`issues`.`assigned_to` = 4) [0m
  [4;35;1mIssue Load (0.2ms)[0m   [0mSELECT * FROM `issues` WHERE (`issues`.`status` = 'Open' AND `issues`.`assigned_to` = 5 AND `issues`.`issue_type` = 'Bug') ORDER BY id DESC[0m
  [4;36;1mIssue Load (0.2ms)[0m   [0;1mSELECT * FROM `issues` WHERE (`issues`.`status` = 'Fixed' AND `issues`.`assigned_to` = 5 AND `issues`.`issue_type` = 'Bug') ORDER BY id DESC[0m
  [4;35;1mIssue Load (0.2ms)[0m   [0mSELECT * FROM `issues` WHERE (`issues`.`status` = 'Tested' AND `issues`.`assigned_to` = 5 AND `issues`.`issue_type` = 'Bug') ORDER BY id DESC[0m
  [4;36;1mIssue Load (0.2ms)[0m   [0;1mSELECT * FROM `issues` WHERE (`issues`.`status` = 'Closed' AND `issues`.`assigned_to` = 5 AND `issues`.`issue_type` = 'Bug') ORDER BY id DESC[0m
  [4;35;1mIssue Load (0.2ms)[0m   [0mSELECT * FROM `issues` WHERE (`issues`.`status` = 'Open' AND `issues`.`assigned_to` = 5 AND `issues`.`issue_type` = 'Feature') ORDER BY id DESC[0m
  [4;36;1mIssue Load (0.2ms)[0m   [0;1mSELECT * FROM `issues` WHERE (`issues`.`status` = 'Devdone' AND `issues`.`assigned_to` = 5 AND `issues`.`issue_type` = 'Feature') ORDER BY id DESC[0m
  [4;35;1mIssue Load (0.2ms)[0m   [0mSELECT * FROM `issues` WHERE (`issues`.`status` = 'Tested' AND `issues`.`assigned_to` = 5 AND `issues`.`issue_type` = 'Feature') ORDER BY id DESC[0m
  [4;36;1mIssue Load (0.2ms)[0m   [0;1mSELECT * FROM `issues` WHERE (`issues`.`status` = 'Closed' AND `issues`.`assigned_to` = 5 AND `issues`.`issue_type` = 'Feature') ORDER BY id DESC[0m
  [4;35;1mIssue Load (0.2ms)[0m   [0mSELECT * FROM `issues` WHERE (`issues`.`status` = 'Open' AND `issues`.`assigned_to` = 5 AND `issues`.`issue_type` = 'Enhancement') ORDER BY id DESC[0m
  [4;36;1mIssue Load (0.2ms)[0m   [0;1mSELECT * FROM `issues` WHERE (`issues`.`status` = 'Devdone' AND `issues`.`assigned_to` = 5 AND `issues`.`issue_type` = 'Enhancement') ORDER BY id DESC[0m
  [4;35;1mIssue Load (0.2ms)[0m   [0mSELECT * FROM `issues` WHERE (`issues`.`status` = 'Tested' AND `issues`.`assigned_to` = 5 AND `issues`.`issue_type` = 'Enhancement') ORDER BY id DESC[0m
  [4;36;1mIssue Load (0.2ms)[0m   [0;1mSELECT * FROM `issues` WHERE (`issues`.`status` = 'Closed' AND `issues`.`assigned_to` = 5 AND `issues`.`issue_type` = 'Enhancement') ORDER BY id DESC[0m
  [4;35;1mIssue Load (0.2ms)[0m   [0mSELECT * FROM `issues` WHERE (`issues`.`status` = 'Open' AND `issues`.`assigned_to` = 5 AND `issues`.`issue_type` = 'Task') ORDER BY id DESC[0m
  [4;36;1mIssue Load (0.2ms)[0m   [0;1mSELECT * FROM `issues` WHERE (`issues`.`status` = 'Closed' AND `issues`.`assigned_to` = 5 AND `issues`.`issue_type` = 'Task') ORDER BY id DESC[0m
  [4;35;1mIssue Load (0.2ms)[0m   [0mSELECT * FROM `issues` WHERE (`issues`.`status` = 'Open' AND `issues`.`assigned_to` = 5 AND `issues`.`issue_type` = 'Query') ORDER BY id DESC[0m
  [4;36;1mIssue Load (0.2ms)[0m   [0;1mSELECT * FROM `issues` WHERE (`issues`.`status` = 'Answered' AND `issues`.`assigned_to` = 5 AND `issues`.`issue_type` = 'Query') ORDER BY id DESC[0m
  [4;35;1mIssue Load (0.1ms)[0m   [0mSELECT * FROM `issues` WHERE (`issues`.`assigned_to` = 5) [0m
  [4;36;1mIssue Load (0.2ms)[0m   [0;1mSELECT * FROM `issues` WHERE (`issues`.`status` = 'Open' AND `issues`.`assigned_to` = 3 AND `issues`.`issue_type` = 'Bug') ORDER BY id DESC[0m
  [4;35;1mIssue Load (0.3ms)[0m   [0mSELECT * FROM `issues` WHERE (`issues`.`status` = 'Fixed' AND `issues`.`assigned_to` = 3 AND `issues`.`issue_type` = 'Bug') ORDER BY id DESC[0m
  [4;36;1mIssue Load (0.2ms)[0m   [0;1mSELECT * FROM `issues` WHERE (`issues`.`status` = 'Tested' AND `issues`.`assigned_to` = 3 AND `issues`.`issue_type` = 'Bug') ORDER BY id DESC[0m
  [4;35;1mIssue Load (0.2ms)[0m   [0mSELECT * FROM `issues` WHERE (`issues`.`status` = 'Closed' AND `issues`.`assigned_to` = 3 AND `issues`.`issue_type` = 'Bug') ORDER BY id DESC[0m
  [4;36;1mIssue Load (0.2ms)[0m   [0;1mSELECT * FROM `issues` WHERE (`issues`.`status` = 'Open' AND `issues`.`assigned_to` = 3 AND `issues`.`issue_type` = 'Feature') ORDER BY id DESC[0m
  [4;35;1mIssue Load (0.2ms)[0m   [0mSELECT * FROM `issues` WHERE (`issues`.`status` = 'Devdone' AND `issues`.`assigned_to` = 3 AND `issues`.`issue_type` = 'Feature') ORDER BY id DESC[0m
  [4;36;1mIssue Load (0.2ms)[0m   [0;1mSELECT * FROM `issues` WHERE (`issues`.`status` = 'Tested' AND `issues`.`assigned_to` = 3 AND `issues`.`issue_type` = 'Feature') ORDER BY id DESC[0m
  [4;35;1mIssue Load (0.2ms)[0m   [0mSELECT * FROM `issues` WHERE (`issues`.`status` = 'Closed' AND `issues`.`assigned_to` = 3 AND `issues`.`issue_type` = 'Feature') ORDER BY id DESC[0m
  [4;36;1mIssue Load (0.2ms)[0m   [0;1mSELECT * FROM `issues` WHERE (`issues`.`status` = 'Open' AND `issues`.`assigned_to` = 3 AND `issues`.`issue_type` = 'Enhancement') ORDER BY id DESC[0m
  [4;35;1mIssue Load (0.2ms)[0m   [0mSELECT * FROM `issues` WHERE (`issues`.`status` = 'Devdone' AND `issues`.`assigned_to` = 3 AND `issues`.`issue_type` = 'Enhancement') ORDER BY id DESC[0m
  [4;36;1mIssue Load (0.2ms)[0m   [0;1mSELECT * FROM `issues` WHERE (`issues`.`status` = 'Tested' AND `issues`.`assigned_to` = 3 AND `issues`.`issue_type` = 'Enhancement') ORDER BY id DESC[0m
  [4;35;1mIssue Load (0.2ms)[0m   [0mSELECT * FROM `issues` WHERE (`issues`.`status` = 'Closed' AND `issues`.`assigned_to` = 3 AND `issues`.`issue_type` = 'Enhancement') ORDER BY id DESC[0m
  [4;36;1mIssue Load (0.2ms)[0m   [0;1mSELECT * FROM `issues` WHERE (`issues`.`status` = 'Open' AND `issues`.`assigned_to` = 3 AND `issues`.`issue_type` = 'Task') ORDER BY id DESC[0m
  [4;35;1mIssue Load (0.2ms)[0m   [0mSELECT * FROM `issues` WHERE (`issues`.`status` = 'Closed' AND `issues`.`assigned_to` = 3 AND `issues`.`issue_type` = 'Task') ORDER BY id DESC[0m
  [4;36;1mIssue Load (0.2ms)[0m   [0;1mSELECT * FROM `issues` WHERE (`issues`.`status` = 'Open' AND `issues`.`assigned_to` = 3 AND `issues`.`issue_type` = 'Query') ORDER BY id DESC[0m
  [4;35;1mIssue Load (0.2ms)[0m   [0mSELECT * FROM `issues` WHERE (`issues`.`status` = 'Answered' AND `issues`.`assigned_to` = 3 AND `issues`.`issue_type` = 'Query') ORDER BY id DESC[0m
  [4;36;1mIssue Load (0.2ms)[0m   [0;1mSELECT * FROM `issues` WHERE (`issues`.`assigned_to` = 3) [0m
Completed in 126ms (View: 103, DB: 19) | 200 OK [http://karthik.loc/issues/user_issues/2]
  [4;35;1mSQL (0.1ms)[0m   [0mSET SQL_AUTO_IS_NULL=0[0m


Processing ApplicationController#index (for 127.0.0.1 at 2011-06-14 18:11:17) [GET]

ActionController::RoutingError (No route matches "/stylesheets/user_issues.css" with {:method=>:get}):
  /usr/lib/ruby/1.8/mongrel.rb:159:in `process_client'
  /usr/lib/ruby/1.8/mongrel.rb:158:in `each'
  /usr/lib/ruby/1.8/mongrel.rb:158:in `process_client'
  /usr/lib/ruby/1.8/mongrel.rb:285:in `run'
  /usr/lib/ruby/1.8/mongrel.rb:285:in `initialize'
  /usr/lib/ruby/1.8/mongrel.rb:285:in `new'
  /usr/lib/ruby/1.8/mongrel.rb:285:in `run'
  /usr/lib/ruby/1.8/mongrel.rb:268:in `initialize'
  /usr/lib/ruby/1.8/mongrel.rb:268:in `new'
  /usr/lib/ruby/1.8/mongrel.rb:268:in `run'

Rendering rescues/layout (not_found)
  [4;36;1mSQL (0.1ms)[0m   [0;1mSET SQL_AUTO_IS_NULL=0[0m


Processing ApplicationController#index (for 127.0.0.1 at 2011-06-14 18:11:17) [GET]

ActionController::RoutingError (No route matches "/stylesheets/user_everything.css" with {:method=>:get}):
  /usr/lib/ruby/1.8/mongrel.rb:159:in `process_client'
  /usr/lib/ruby/1.8/mongrel.rb:158:in `each'
  /usr/lib/ruby/1.8/mongrel.rb:158:in `process_client'
  /usr/lib/ruby/1.8/mongrel.rb:285:in `run'
  /usr/lib/ruby/1.8/mongrel.rb:285:in `initialize'
  /usr/lib/ruby/1.8/mongrel.rb:285:in `new'
  /usr/lib/ruby/1.8/mongrel.rb:285:in `run'
  /usr/lib/ruby/1.8/mongrel.rb:268:in `initialize'
  /usr/lib/ruby/1.8/mongrel.rb:268:in `new'
  /usr/lib/ruby/1.8/mongrel.rb:268:in `run'

Rendering rescues/layout (not_found)
  [4;35;1mSQL (0.1ms)[0m   [0mSET SQL_AUTO_IS_NULL=0[0m


Processing ApplicationController#index (for 127.0.0.1 at 2011-06-14 18:11:17) [GET]

ActionController::RoutingError (No route matches "/stylesheets/my_style.css" with {:method=>:get}):
  /usr/lib/ruby/1.8/mongrel.rb:159:in `process_client'
  /usr/lib/ruby/1.8/mongrel.rb:158:in `each'
  /usr/lib/ruby/1.8/mongrel.rb:158:in `process_client'
  /usr/lib/ruby/1.8/mongrel.rb:285:in `run'
  /usr/lib/ruby/1.8/mongrel.rb:285:in `initialize'
  /usr/lib/ruby/1.8/mongrel.rb:285:in `new'
  /usr/lib/ruby/1.8/mongrel.rb:285:in `run'
  /usr/lib/ruby/1.8/mongrel.rb:268:in `initialize'
  /usr/lib/ruby/1.8/mongrel.rb:268:in `new'
  /usr/lib/ruby/1.8/mongrel.rb:268:in `run'

Rendering rescues/layout (not_found)
  [4;36;1mSQL (0.1ms)[0m   [0;1mSET SQL_AUTO_IS_NULL=0[0m


Processing ApplicationController#index (for 127.0.0.1 at 2011-06-14 18:11:17) [GET]

ActionController::RoutingError (No route matches "/stylesheets/user_issues.css" with {:method=>:get}):
  /usr/lib/ruby/1.8/mongrel.rb:159:in `process_client'
  /usr/lib/ruby/1.8/mongrel.rb:158:in `each'
  /usr/lib/ruby/1.8/mongrel.rb:158:in `process_client'
  /usr/lib/ruby/1.8/mongrel.rb:285:in `run'
  /usr/lib/ruby/1.8/mongrel.rb:285:in `initialize'
  /usr/lib/ruby/1.8/mongrel.rb:285:in `new'
  /usr/lib/ruby/1.8/mongrel.rb:285:in `run'
  /usr/lib/ruby/1.8/mongrel.rb:268:in `initialize'
  /usr/lib/ruby/1.8/mongrel.rb:268:in `new'
  /usr/lib/ruby/1.8/mongrel.rb:268:in `run'

Rendering rescues/layout (not_found)
  [4;35;1mSQL (0.1ms)[0m   [0mSET SQL_AUTO_IS_NULL=0[0m


Processing ApplicationController#index (for 127.0.0.1 at 2011-06-14 18:11:17) [GET]

ActionController::RoutingError (No route matches "/stylesheets/user_everything.css" with {:method=>:get}):
  /usr/lib/ruby/1.8/mongrel.rb:159:in `process_client'
  /usr/lib/ruby/1.8/mongrel.rb:158:in `each'
  /usr/lib/ruby/1.8/mongrel.rb:158:in `process_client'
  /usr/lib/ruby/1.8/mongrel.rb:285:in `run'
  /usr/lib/ruby/1.8/mongrel.rb:285:in `initialize'
  /usr/lib/ruby/1.8/mongrel.rb:285:in `new'
  /usr/lib/ruby/1.8/mongrel.rb:285:in `run'
  /usr/lib/ruby/1.8/mongrel.rb:268:in `initialize'
  /usr/lib/ruby/1.8/mongrel.rb:268:in `new'
  /usr/lib/ruby/1.8/mongrel.rb:268:in `run'

Rendering rescues/layout (not_found)
  [4;36;1mSQL (0.1ms)[0m   [0;1mSET SQL_AUTO_IS_NULL=0[0m


Processing ApplicationController#index (for 127.0.0.1 at 2011-06-14 18:11:17) [GET]

ActionController::RoutingError (No route matches "/stylesheets/my_style.css" with {:method=>:get}):
  /usr/lib/ruby/1.8/mongrel.rb:159:in `process_client'
  /usr/lib/ruby/1.8/mongrel.rb:158:in `each'
  /usr/lib/ruby/1.8/mongrel.rb:158:in `process_client'
  /usr/lib/ruby/1.8/mongrel.rb:285:in `run'
  /usr/lib/ruby/1.8/mongrel.rb:285:in `initialize'
  /usr/lib/ruby/1.8/mongrel.rb:285:in `new'
  /usr/lib/ruby/1.8/mongrel.rb:285:in `run'
  /usr/lib/ruby/1.8/mongrel.rb:268:in `initialize'
  /usr/lib/ruby/1.8/mongrel.rb:268:in `new'
  /usr/lib/ruby/1.8/mongrel.rb:268:in `run'

Rendering rescues/layout (not_found)
  [4;35;1mSQL (0.1ms)[0m   [0mSET SQL_AUTO_IS_NULL=0[0m


Processing IssuesController#show (for 127.0.0.1 at 2011-06-14 18:11:21) [GET]
  Parameters: {"id"=>"83"}
  [4;36;1mUser Columns (0.7ms)[0m   [0;1mSHOW FIELDS FROM `users`[0m
  [4;35;1mUser Load (0.1ms)[0m   [0mSELECT * FROM `users` WHERE (`users`.`id` = 2) LIMIT 1[0m
  [4;36;1mIssue Columns (0.5ms)[0m   [0;1mSHOW FIELDS FROM `issues`[0m
  [4;35;1mIssue Load (0.2ms)[0m   [0mSELECT * FROM `issues` WHERE (`issues`.`id` = 83) [0m
  [4;36;1mCACHE (0.0ms)[0m   [0;1mSELECT * FROM `users` WHERE (`users`.`id` = 2) LIMIT 1[0m
  [4;35;1mPost Columns (0.5ms)[0m   [0mSHOW FIELDS FROM `posts`[0m
  [4;36;1mPost Load (0.2ms)[0m   [0;1mSELECT * FROM `posts` WHERE (`posts`.`issue_id` = '83') [0m
  [4;35;1mVisit Columns (0.4ms)[0m   [0mSHOW FIELDS FROM `visits`[0m
  [4;36;1mVisit Load (0.0ms)[0m   [0;1mSELECT * FROM `visits` WHERE (`visits`.`issue_id` = 83 AND `visits`.`user_id` = 2) LIMIT 1[0m
  [4;35;1mSQL (0.0ms)[0m   [0mBEGIN[0m
  [4;36;1mVisit Update (0.2ms)[0m   [0;1mUPDATE `visits` SET `visited_at` = '2011-06-14 12:41:22' WHERE `id` = 262[0m
  [4;35;1mSQL (39.7ms)[0m   [0mCOMMIT[0m
Rendering template within layouts/issues
Rendering issues/show
  [4;36;1mUser Load (0.1ms)[0m   [0;1mSELECT * FROM `users` ORDER BY login[0m
Rendered issues/_case_bug (0.7ms)
Completed in 138ms (View: 29, DB: 43) | 200 OK [http://karthik.loc/issues/show/83]
  [4;35;1mSQL (0.1ms)[0m   [0mSET SQL_AUTO_IS_NULL=0[0m


Processing IssuesController#edit_user_details (for 127.0.0.1 at 2011-06-14 18:11:55) [GET]
  Parameters: {"id"=>"2"}
  [4;36;1mUser Columns (0.6ms)[0m   [0;1mSHOW FIELDS FROM `users`[0m
  [4;35;1mUser Load (0.1ms)[0m   [0mSELECT * FROM `users` WHERE (`users`.`id` = 2) LIMIT 1[0m
Rendering template within layouts/issues
Rendering issues/edit_user_details
Completed in 11ms (View: 7, DB: 1) | 200 OK [http://karthik.loc/issues/edit_user_details/2]
  [4;36;1mSQL (0.1ms)[0m   [0;1mSET SQL_AUTO_IS_NULL=0[0m


Processing ApplicationController#index (for 127.0.0.1 at 2011-06-14 18:11:55) [GET]

ActionController::RoutingError (No route matches "/stylesheets/current_user.css" with {:method=>:get}):
  /usr/lib/ruby/1.8/mongrel.rb:159:in `process_client'
  /usr/lib/ruby/1.8/mongrel.rb:158:in `each'
  /usr/lib/ruby/1.8/mongrel.rb:158:in `process_client'
  /usr/lib/ruby/1.8/mongrel.rb:285:in `run'
  /usr/lib/ruby/1.8/mongrel.rb:285:in `initialize'
  /usr/lib/ruby/1.8/mongrel.rb:285:in `new'
  /usr/lib/ruby/1.8/mongrel.rb:285:in `run'
  /usr/lib/ruby/1.8/mongrel.rb:268:in `initialize'
  /usr/lib/ruby/1.8/mongrel.rb:268:in `new'
  /usr/lib/ruby/1.8/mongrel.rb:268:in `run'

Rendering rescues/layout (not_found)
  [4;35;1mSQL (0.1ms)[0m   [0mSET SQL_AUTO_IS_NULL=0[0m


Processing ApplicationController#index (for 127.0.0.1 at 2011-06-14 18:11:55) [GET]

ActionController::RoutingError (No route matches "/system/profiles/2/thumb/shiv1.png" with {:method=>:get}):
  /usr/lib/ruby/1.8/mongrel.rb:159:in `process_client'
  /usr/lib/ruby/1.8/mongrel.rb:158:in `each'
  /usr/lib/ruby/1.8/mongrel.rb:158:in `process_client'
  /usr/lib/ruby/1.8/mongrel.rb:285:in `run'
  /usr/lib/ruby/1.8/mongrel.rb:285:in `initialize'
  /usr/lib/ruby/1.8/mongrel.rb:285:in `new'
  /usr/lib/ruby/1.8/mongrel.rb:285:in `run'
  /usr/lib/ruby/1.8/mongrel.rb:268:in `initialize'
  /usr/lib/ruby/1.8/mongrel.rb:268:in `new'
  /usr/lib/ruby/1.8/mongrel.rb:268:in `run'

Rendering rescues/layout (not_found)
  [4;36;1mSQL (0.1ms)[0m   [0;1mSET SQL_AUTO_IS_NULL=0[0m


Processing ApplicationController#index (for 127.0.0.1 at 2011-06-14 18:11:55) [GET]

ActionController::RoutingError (No route matches "/stylesheets/current_user.css" with {:method=>:get}):
  /usr/lib/ruby/1.8/mongrel.rb:159:in `process_client'
  /usr/lib/ruby/1.8/mongrel.rb:158:in `each'
  /usr/lib/ruby/1.8/mongrel.rb:158:in `process_client'
  /usr/lib/ruby/1.8/mongrel.rb:285:in `run'
  /usr/lib/ruby/1.8/mongrel.rb:285:in `initialize'
  /usr/lib/ruby/1.8/mongrel.rb:285:in `new'
  /usr/lib/ruby/1.8/mongrel.rb:285:in `run'
  /usr/lib/ruby/1.8/mongrel.rb:268:in `initialize'
  /usr/lib/ruby/1.8/mongrel.rb:268:in `new'
  /usr/lib/ruby/1.8/mongrel.rb:268:in `run'

Rendering rescues/layout (not_found)
  [4;35;1mSQL (0.1ms)[0m   [0mSET SQL_AUTO_IS_NULL=0[0m


Processing ApplicationController#index (for 127.0.0.1 at 2011-06-14 18:11:55) [GET]

ActionController::RoutingError (No route matches "/system/profiles/2/thumb/shiv1.png" with {:method=>:get}):
  /usr/lib/ruby/1.8/mongrel.rb:159:in `process_client'
  /usr/lib/ruby/1.8/mongrel.rb:158:in `each'
  /usr/lib/ruby/1.8/mongrel.rb:158:in `process_client'
  /usr/lib/ruby/1.8/mongrel.rb:285:in `run'
  /usr/lib/ruby/1.8/mongrel.rb:285:in `initialize'
  /usr/lib/ruby/1.8/mongrel.rb:285:in `new'
  /usr/lib/ruby/1.8/mongrel.rb:285:in `run'
  /usr/lib/ruby/1.8/mongrel.rb:268:in `initialize'
  /usr/lib/ruby/1.8/mongrel.rb:268:in `new'
  /usr/lib/ruby/1.8/mongrel.rb:268:in `run'

Rendering rescues/layout (not_found)
  [4;36;1mSQL (0.1ms)[0m   [0;1mSET SQL_AUTO_IS_NULL=0[0m


Processing SessionsController#new (for 127.0.0.1 at 2011-06-14 18:12:57) [GET]
Rendering template within layouts/application
Rendering sessions/new
Completed in 4ms (View: 2, DB: 0) | 200 OK [http://karthik.loc/]
  [4;35;1mSQL (0.1ms)[0m   [0mSET SQL_AUTO_IS_NULL=0[0m


Processing SessionsController#create (for 127.0.0.1 at 2011-06-14 18:13:01) [POST]
  Parameters: {"commit"=>"Log in", "login"=>"karthik@kern-comm.com", "password"=>"karthik"}
  [4;36;1mUser Columns (0.7ms)[0m   [0;1mSHOW FIELDS FROM `users`[0m
  [4;35;1mUser Load (0.1ms)[0m   [0mSELECT * FROM `users` WHERE (`users`.`email` = 'karthik@kern-comm.com') LIMIT 1[0m
  [4;36;1mUser Load (0.0ms)[0m   [0;1mSELECT * FROM `users` WHERE (email = 'karthik@kern-comm.com' and activated_at IS NOT NULL) LIMIT 1[0m
Redirected to http://karthik.loc:3000/issues/my_issues/2
Completed in 6ms (DB: 1) | 302 Found [http://karthik.loc/session]
  [4;35;1mSQL (0.1ms)[0m   [0mSET SQL_AUTO_IS_NULL=0[0m


Processing IssuesController#my_issues (for 127.0.0.1 at 2011-06-14 18:13:01) [GET]
  Parameters: {"id"=>"2"}
  [4;36;1mUser Columns (0.6ms)[0m   [0;1mSHOW FIELDS FROM `users`[0m
  [4;35;1mUser Load (0.1ms)[0m   [0mSELECT * FROM `users` WHERE (`users`.`id` = 2) LIMIT 1[0m
  [4;36;1mIssue Columns (0.5ms)[0m   [0;1mSHOW FIELDS FROM `issues`[0m
  [4;35;1mIssue Load (0.3ms)[0m   [0mSELECT * FROM `issues` WHERE (`issues`.`assigned_to` = 2 AND `issues`.`issue_type` = 'Bug') ORDER BY id DESC[0m
  [4;36;1mIssue Load (0.2ms)[0m   [0;1mSELECT * FROM `issues` WHERE (`issues`.`assigned_to` = 2 AND `issues`.`issue_type` = 'Feature') ORDER BY id DESC[0m
  [4;35;1mIssue Load (0.2ms)[0m   [0mSELECT * FROM `issues` WHERE (`issues`.`assigned_to` = 2 AND `issues`.`issue_type` = 'Enhancement') ORDER BY id DESC[0m
  [4;36;1mIssue Load (0.2ms)[0m   [0;1mSELECT * FROM `issues` WHERE (`issues`.`assigned_to` = 2 AND `issues`.`issue_type` = 'Task') ORDER BY id DESC[0m
  [4;35;1mIssue Load (0.2ms)[0m   [0mSELECT * FROM `issues` WHERE (`issues`.`assigned_to` = 2 AND `issues`.`issue_type` = 'Query') ORDER BY id DESC[0m
  [4;36;1mIssue Load (0.1ms)[0m   [0;1mSELECT * FROM `issues` WHERE (`issues`.`status` = 'Open' AND `issues`.`assigned_to` = 2 AND `issues`.`issue_type` = 'Bug') ORDER BY id DESC[0m
  [4;35;1mIssue Load (0.0ms)[0m   [0mSELECT * FROM `issues` WHERE (`issues`.`status` = 'Fixed' AND `issues`.`assigned_to` = 2 AND `issues`.`issue_type` = 'Bug') ORDER BY id DESC[0m
  [4;36;1mIssue Load (0.1ms)[0m   [0;1mSELECT * FROM `issues` WHERE (`issues`.`status` = 'Tested' AND `issues`.`assigned_to` = 2 AND `issues`.`issue_type` = 'Bug') ORDER BY id DESC[0m
  [4;35;1mIssue Load (0.0ms)[0m   [0mSELECT * FROM `issues` WHERE (`issues`.`status` = 'Closed' AND `issues`.`assigned_to` = 2 AND `issues`.`issue_type` = 'Bug') ORDER BY id DESC[0m
  [4;36;1mIssue Load (0.0ms)[0m   [0;1mSELECT * FROM `issues` WHERE (`issues`.`status` = 'Open' AND `issues`.`assigned_to` = 2 AND `issues`.`issue_type` = 'Feature') ORDER BY id DESC[0m
  [4;35;1mIssue Load (0.0ms)[0m   [0mSELECT * FROM `issues` WHERE (`issues`.`status` = 'Devdone' AND `issues`.`assigned_to` = 2 AND `issues`.`issue_type` = 'Feature') ORDER BY id DESC[0m
  [4;36;1mIssue Load (0.0ms)[0m   [0;1mSELECT * FROM `issues` WHERE (`issues`.`status` = 'Tested' AND `issues`.`assigned_to` = 2 AND `issues`.`issue_type` = 'Feature') ORDER BY id DESC[0m
  [4;35;1mIssue Load (0.0ms)[0m   [0mSELECT * FROM `issues` WHERE (`issues`.`status` = 'Closed' AND `issues`.`assigned_to` = 2 AND `issues`.`issue_type` = 'Feature') ORDER BY id DESC[0m
  [4;36;1mIssue Load (0.0ms)[0m   [0;1mSELECT * FROM `issues` WHERE (`issues`.`status` = 'Open' AND `issues`.`assigned_to` = 2 AND `issues`.`issue_type` = 'Enhancement') ORDER BY id DESC[0m
  [4;35;1mIssue Load (0.0ms)[0m   [0mSELECT * FROM `issues` WHERE (`issues`.`status` = 'Devdone' AND `issues`.`assigned_to` = 2 AND `issues`.`issue_type` = 'Enhancement') ORDER BY id DESC[0m
  [4;36;1mIssue Load (0.0ms)[0m   [0;1mSELECT * FROM `issues` WHERE (`issues`.`status` = 'Tested' AND `issues`.`assigned_to` = 2 AND `issues`.`issue_type` = 'Enhancement') ORDER BY id DESC[0m
  [4;35;1mIssue Load (0.0ms)[0m   [0mSELECT * FROM `issues` WHERE (`issues`.`status` = 'Closed' AND `issues`.`assigned_to` = 2 AND `issues`.`issue_type` = 'Enhancement') ORDER BY id DESC[0m
  [4;36;1mIssue Load (0.1ms)[0m   [0;1mSELECT * FROM `issues` WHERE (`issues`.`status` = 'Open' AND `issues`.`assigned_to` = 2 AND `issues`.`issue_type` = 'Task') ORDER BY id DESC[0m
  [4;35;1mIssue Load (0.4ms)[0m   [0mSELECT * FROM `issues` WHERE (`issues`.`status` = 'Done' AND `issues`.`assigned_to` = 2 AND `issues`.`issue_type` = 'Task') ORDER BY id DESC[0m
  [4;36;1mIssue Load (0.1ms)[0m   [0;1mSELECT * FROM `issues` WHERE (`issues`.`status` = 'Open' AND `issues`.`assigned_to` = 2 AND `issues`.`issue_type` = 'Query') ORDER BY id DESC[0m
  [4;35;1mIssue Load (0.0ms)[0m   [0mSELECT * FROM `issues` WHERE (`issues`.`status` = 'Answered' AND `issues`.`assigned_to` = 2 AND `issues`.`issue_type` = 'Query') ORDER BY id DESC[0m
Rendering template within layouts/issues
Rendering issues/my_issues
Rendered issues/_my_panel (0.1ms)
  [4;36;1mCACHE (0.0ms)[0m   [0;1mSELECT * FROM `users` WHERE (`users`.`id` = 2) LIMIT 1[0m
  [4;35;1mVisit Columns (0.4ms)[0m   [0mSHOW FIELDS FROM `visits`[0m
  [4;36;1mVisit Load (0.2ms)[0m   [0;1mSELECT * FROM `visits` WHERE (`visits`.`issue_id` = 83 AND `visits`.`user_id` = 2) LIMIT 1[0m
  [4;35;1mPost Columns (0.4ms)[0m   [0mSHOW FIELDS FROM `posts`[0m
  [4;36;1mPost Load (0.2ms)[0m   [0;1mSELECT * FROM `posts` WHERE (created_at > '2011-06-14 12:41:22') AND (`posts`.`issue_id` = 83) [0m
  [4;35;1mPost Load (0.0ms)[0m   [0mSELECT * FROM `posts` WHERE (`posts`.`issue_id` = 83) [0m
Rendered issues/_content (11.6ms)
  [4;36;1mCACHE (0.0ms)[0m   [0;1mSELECT * FROM `users` WHERE (`users`.`id` = 2) LIMIT 1[0m
  [4;35;1mVisit Load (0.2ms)[0m   [0mSELECT * FROM `visits` WHERE (`visits`.`issue_id` = 82 AND `visits`.`user_id` = 2) LIMIT 1[0m
  [4;36;1mPost Load (0.1ms)[0m   [0;1mSELECT * FROM `posts` WHERE (created_at > '2011-06-14 07:03:36') AND (`posts`.`issue_id` = 82) [0m
  [4;35;1mPost Load (0.0ms)[0m   [0mSELECT * FROM `posts` WHERE (`posts`.`issue_id` = 82) [0m
Rendered issues/_content (2.4ms)
  [4;36;1mCACHE (0.0ms)[0m   [0;1mSELECT * FROM `users` WHERE (`users`.`id` = 2) LIMIT 1[0m
  [4;35;1mVisit Load (0.2ms)[0m   [0mSELECT * FROM `visits` WHERE (`visits`.`issue_id` = 81 AND `visits`.`user_id` = 2) LIMIT 1[0m
  [4;36;1mPost Load (0.0ms)[0m   [0;1mSELECT * FROM `posts` WHERE (created_at > '2011-06-14 07:02:58') AND (`posts`.`issue_id` = 81) [0m
  [4;35;1mPost Load (0.0ms)[0m   [0mSELECT * FROM `posts` WHERE (`posts`.`issue_id` = 81) [0m
Rendered issues/_content (2.1ms)
  [4;36;1mCACHE (0.0ms)[0m   [0;1mSELECT * FROM `users` WHERE (`users`.`id` = 2) LIMIT 1[0m
  [4;35;1mVisit Load (0.1ms)[0m   [0mSELECT * FROM `visits` WHERE (`visits`.`issue_id` = 80 AND `visits`.`user_id` = 2) LIMIT 1[0m
  [4;36;1mPost Load (0.0ms)[0m   [0;1mSELECT * FROM `posts` WHERE (created_at > '2011-06-14 06:39:39') AND (`posts`.`issue_id` = 80) [0m
  [4;35;1mPost Load (0.0ms)[0m   [0mSELECT * FROM `posts` WHERE (`posts`.`issue_id` = 80) [0m
Rendered issues/_content (1.9ms)
  [4;36;1mCACHE (0.0ms)[0m   [0;1mSELECT * FROM `users` WHERE (`users`.`id` = 2) LIMIT 1[0m
  [4;35;1mVisit Load (0.1ms)[0m   [0mSELECT * FROM `visits` WHERE (`visits`.`issue_id` = 79 AND `visits`.`user_id` = 2) LIMIT 1[0m
  [4;36;1mPost Load (0.0ms)[0m   [0;1mSELECT * FROM `posts` WHERE (created_at > '2011-06-14 06:38:43') AND (`posts`.`issue_id` = 79) [0m
  [4;35;1mPost Load (0.0ms)[0m   [0mSELECT * FROM `posts` WHERE (`posts`.`issue_id` = 79) [0m
Rendered issues/_content (1.9ms)
  [4;36;1mCACHE (0.0ms)[0m   [0;1mSELECT * FROM `users` WHERE (`users`.`id` = 2) LIMIT 1[0m
  [4;35;1mVisit Load (0.3ms)[0m   [0mSELECT * FROM `visits` WHERE (`visits`.`issue_id` = 78 AND `visits`.`user_id` = 2) LIMIT 1[0m
  [4;36;1mPost Load (0.0ms)[0m   [0;1mSELECT * FROM `posts` WHERE (created_at > '2011-06-14 06:36:32') AND (`posts`.`issue_id` = 78) [0m
  [4;35;1mPost Load (0.0ms)[0m   [0mSELECT * FROM `posts` WHERE (`posts`.`issue_id` = 78) [0m
Rendered issues/_content (2.2ms)
  [4;36;1mCACHE (0.0ms)[0m   [0;1mSELECT * FROM `users` WHERE (`users`.`id` = 2) LIMIT 1[0m
  [4;35;1mVisit Load (0.1ms)[0m   [0mSELECT * FROM `visits` WHERE (`visits`.`issue_id` = 77 AND `visits`.`user_id` = 2) LIMIT 1[0m
  [4;36;1mPost Load (0.1ms)[0m   [0;1mSELECT * FROM `posts` WHERE (created_at > '2011-06-14 06:35:25') AND (`posts`.`issue_id` = 77) [0m
  [4;35;1mPost Load (0.0ms)[0m   [0mSELECT * FROM `posts` WHERE (`posts`.`issue_id` = 77) [0m
Rendered issues/_content (2.1ms)
  [4;36;1mCACHE (0.0ms)[0m   [0;1mSELECT * FROM `users` WHERE (`users`.`id` = 2) LIMIT 1[0m
  [4;35;1mVisit Load (0.2ms)[0m   [0mSELECT * FROM `visits` WHERE (`visits`.`issue_id` = 76 AND `visits`.`user_id` = 2) LIMIT 1[0m
  [4;36;1mPost Load (0.0ms)[0m   [0;1mSELECT * FROM `posts` WHERE (created_at > '2011-06-14 06:32:52') AND (`posts`.`issue_id` = 76) [0m
  [4;35;1mPost Load (0.0ms)[0m   [0mSELECT * FROM `posts` WHERE (`posts`.`issue_id` = 76) [0m
Rendered issues/_content (2.1ms)
  [4;36;1mCACHE (0.0ms)[0m   [0;1mSELECT * FROM `users` WHERE (`users`.`id` = 2) LIMIT 1[0m
  [4;35;1mVisit Load (0.1ms)[0m   [0mSELECT * FROM `visits` WHERE (`visits`.`issue_id` = 75 AND `visits`.`user_id` = 2) LIMIT 1[0m
  [4;36;1mPost Load (0.0ms)[0m   [0;1mSELECT * FROM `posts` WHERE (created_at > '2011-06-14 06:28:07') AND (`posts`.`issue_id` = 75) [0m
  [4;35;1mPost Load (0.0ms)[0m   [0mSELECT * FROM `posts` WHERE (`posts`.`issue_id` = 75) [0m
Rendered issues/_content (1.9ms)
  [4;36;1mCACHE (0.0ms)[0m   [0;1mSELECT * FROM `users` WHERE (`users`.`id` = 2) LIMIT 1[0m
  [4;35;1mVisit Load (0.1ms)[0m   [0mSELECT * FROM `visits` WHERE (`visits`.`issue_id` = 74 AND `visits`.`user_id` = 2) LIMIT 1[0m
  [4;36;1mPost Load (0.0ms)[0m   [0;1mSELECT * FROM `posts` WHERE (created_at > '2011-06-14 06:25:18') AND (`posts`.`issue_id` = 74) [0m
  [4;35;1mPost Load (0.0ms)[0m   [0mSELECT * FROM `posts` WHERE (`posts`.`issue_id` = 74) [0m
Rendered issues/_content (1.9ms)
  [4;36;1mCACHE (0.0ms)[0m   [0;1mSELECT * FROM `users` WHERE (`users`.`id` = 2) LIMIT 1[0m
  [4;35;1mVisit Load (0.2ms)[0m   [0mSELECT * FROM `visits` WHERE (`visits`.`issue_id` = 73 AND `visits`.`user_id` = 2) LIMIT 1[0m
  [4;36;1mPost Load (0.0ms)[0m   [0;1mSELECT * FROM `posts` WHERE (created_at > '2011-06-14 06:25:01') AND (`posts`.`issue_id` = 73) [0m
  [4;35;1mPost Load (0.0ms)[0m   [0mSELECT * FROM `posts` WHERE (`posts`.`issue_id` = 73) [0m
Rendered issues/_content (2.1ms)
  [4;36;1mCACHE (0.0ms)[0m   [0;1mSELECT * FROM `users` WHERE (`users`.`id` = 2) LIMIT 1[0m
  [4;35;1mVisit Load (0.1ms)[0m   [0mSELECT * FROM `visits` WHERE (`visits`.`issue_id` = 72 AND `visits`.`user_id` = 2) LIMIT 1[0m
  [4;36;1mPost Load (0.0ms)[0m   [0;1mSELECT * FROM `posts` WHERE (created_at > '2011-06-14 06:24:36') AND (`posts`.`issue_id` = 72) [0m
  [4;35;1mPost Load (0.0ms)[0m   [0mSELECT * FROM `posts` WHERE (`posts`.`issue_id` = 72) [0m
Rendered issues/_content (1.9ms)
  [4;36;1mCACHE (0.0ms)[0m   [0;1mSELECT * FROM `users` WHERE (`users`.`id` = 2) LIMIT 1[0m
  [4;35;1mVisit Load (0.2ms)[0m   [0mSELECT * FROM `visits` WHERE (`visits`.`issue_id` = 71 AND `visits`.`user_id` = 2) LIMIT 1[0m
  [4;36;1mPost Load (0.0ms)[0m   [0;1mSELECT * FROM `posts` WHERE (created_at > '2011-06-14 06:23:04') AND (`posts`.`issue_id` = 71) [0m
  [4;35;1mPost Load (0.0ms)[0m   [0mSELECT * FROM `posts` WHERE (`posts`.`issue_id` = 71) [0m
Rendered issues/_content (3.2ms)
  [4;36;1mCACHE (0.0ms)[0m   [0;1mSELECT * FROM `users` WHERE (`users`.`id` = 2) LIMIT 1[0m
  [4;35;1mVisit Load (0.1ms)[0m   [0mSELECT * FROM `visits` WHERE (`visits`.`issue_id` = 70 AND `visits`.`user_id` = 2) LIMIT 1[0m
  [4;36;1mPost Load (0.0ms)[0m   [0;1mSELECT * FROM `posts` WHERE (created_at > '2011-06-14 06:22:12') AND (`posts`.`issue_id` = 70) [0m
  [4;35;1mPost Load (0.0ms)[0m   [0mSELECT * FROM `posts` WHERE (`posts`.`issue_id` = 70) [0m
Rendered issues/_content (2.0ms)
  [4;36;1mCACHE (0.0ms)[0m   [0;1mSELECT * FROM `users` WHERE (`users`.`id` = 2) LIMIT 1[0m
  [4;35;1mVisit Load (0.1ms)[0m   [0mSELECT * FROM `visits` WHERE (`visits`.`issue_id` = 69 AND `visits`.`user_id` = 2) LIMIT 1[0m
  [4;36;1mPost Load (0.0ms)[0m   [0;1mSELECT * FROM `posts` WHERE (created_at > '2011-06-14 06:20:15') AND (`posts`.`issue_id` = 69) [0m
  [4;35;1mPost Load (0.1ms)[0m   [0mSELECT * FROM `posts` WHERE (`posts`.`issue_id` = 69) [0m
Rendered issues/_content (2.3ms)
  [4;36;1mCACHE (0.0ms)[0m   [0;1mSELECT * FROM `users` WHERE (`users`.`id` = 2) LIMIT 1[0m
  [4;35;1mVisit Load (0.1ms)[0m   [0mSELECT * FROM `visits` WHERE (`visits`.`issue_id` = 68 AND `visits`.`user_id` = 2) LIMIT 1[0m
  [4;36;1mPost Load (0.0ms)[0m   [0;1mSELECT * FROM `posts` WHERE (created_at > '2011-06-14 06:19:16') AND (`posts`.`issue_id` = 68) [0m
  [4;35;1mPost Load (0.0ms)[0m   [0mSELECT * FROM `posts` WHERE (`posts`.`issue_id` = 68) [0m
Rendered issues/_content (2.2ms)
  [4;36;1mCACHE (0.0ms)[0m   [0;1mSELECT * FROM `users` WHERE (`users`.`id` = 2) LIMIT 1[0m
  [4;35;1mVisit Load (0.1ms)[0m   [0mSELECT * FROM `visits` WHERE (`visits`.`issue_id` = 67 AND `visits`.`user_id` = 2) LIMIT 1[0m
  [4;36;1mPost Load (0.0ms)[0m   [0;1mSELECT * FROM `posts` WHERE (created_at > '2011-06-14 06:16:13') AND (`posts`.`issue_id` = 67) [0m
  [4;35;1mPost Load (4.3ms)[0m   [0mSELECT * FROM `posts` WHERE (`posts`.`issue_id` = 67) [0m
Rendered issues/_content (54.1ms)
  [4;36;1mCACHE (0.0ms)[0m   [0;1mSELECT * FROM `users` WHERE (`users`.`id` = 2) LIMIT 1[0m
  [4;35;1mVisit Load (0.2ms)[0m   [0mSELECT * FROM `visits` WHERE (`visits`.`issue_id` = 63 AND `visits`.`user_id` = 2) LIMIT 1[0m
  [4;36;1mPost Load (0.0ms)[0m   [0;1mSELECT * FROM `posts` WHERE (created_at > '2011-06-14 06:07:46') AND (`posts`.`issue_id` = 63) [0m
  [4;35;1mPost Load (0.0ms)[0m   [0mSELECT * FROM `posts` WHERE (`posts`.`issue_id` = 63) [0m
Rendered issues/_content (2.7ms)
Rendered issues/_bugs (102.9ms)
  [4;36;1mCACHE (0.0ms)[0m   [0;1mSELECT * FROM `users` WHERE (`users`.`id` = 2) LIMIT 1[0m
  [4;35;1mVisit Load (0.2ms)[0m   [0mSELECT * FROM `visits` WHERE (`visits`.`issue_id` = 64 AND `visits`.`user_id` = 2) LIMIT 1[0m
  [4;36;1mPost Load (0.0ms)[0m   [0;1mSELECT * FROM `posts` WHERE (created_at > '2011-06-14 06:06:49') AND (`posts`.`issue_id` = 64) [0m
  [4;35;1mPost Load (0.0ms)[0m   [0mSELECT * FROM `posts` WHERE (`posts`.`issue_id` = 64) [0m
Rendered issues/_content (2.4ms)
  [4;36;1mCACHE (0.0ms)[0m   [0;1mSELECT * FROM `users` WHERE (`users`.`id` = 2) LIMIT 1[0m
  [4;35;1mVisit Load (0.2ms)[0m   [0mSELECT * FROM `visits` WHERE (`visits`.`issue_id` = 61 AND `visits`.`user_id` = 2) LIMIT 1[0m
  [4;36;1mPost Load (0.0ms)[0m   [0;1mSELECT * FROM `posts` WHERE (created_at > '2011-06-14 06:10:12') AND (`posts`.`issue_id` = 61) [0m
  [4;35;1mPost Load (0.0ms)[0m   [0mSELECT * FROM `posts` WHERE (`posts`.`issue_id` = 61) [0m
Rendered issues/_content (2.6ms)
Rendered issues/_features (5.4ms)
  [4;36;1mCACHE (0.0ms)[0m   [0;1mSELECT * FROM `users` WHERE (`users`.`id` = 2) LIMIT 1[0m
  [4;35;1mVisit Load (0.2ms)[0m   [0mSELECT * FROM `visits` WHERE (`visits`.`issue_id` = 66 AND `visits`.`user_id` = 2) LIMIT 1[0m
  [4;36;1mPost Load (0.1ms)[0m   [0;1mSELECT * FROM `posts` WHERE (created_at > '2011-06-14 06:08:56') AND (`posts`.`issue_id` = 66) [0m
  [4;35;1mPost Load (0.0ms)[0m   [0mSELECT * FROM `posts` WHERE (`posts`.`issue_id` = 66) [0m
Rendered issues/_content (2.6ms)
Rendered issues/_tasks (2.9ms)
  [4;36;1mCACHE (0.0ms)[0m   [0;1mSELECT * FROM `users` WHERE (`users`.`id` = 2) LIMIT 1[0m
  [4;35;1mVisit Load (0.3ms)[0m   [0mSELECT * FROM `visits` WHERE (`visits`.`issue_id` = 65 AND `visits`.`user_id` = 2) LIMIT 1[0m
  [4;36;1mPost Load (0.1ms)[0m   [0;1mSELECT * FROM `posts` WHERE (created_at > '2011-06-14 06:08:05') AND (`posts`.`issue_id` = 65) [0m
  [4;35;1mPost Load (0.1ms)[0m   [0mSELECT * FROM `posts` WHERE (`posts`.`issue_id` = 65) [0m
Rendered issues/_content (3.4ms)
Rendered issues/_queries (3.6ms)
Completed in 138ms (View: 108, DB: 14) | 200 OK [http://karthik.loc/issues/my_issues/2]
  [4;36;1mSQL (0.1ms)[0m   [0;1mSET SQL_AUTO_IS_NULL=0[0m


Processing ApplicationController#index (for 127.0.0.1 at 2011-06-14 18:13:01) [GET]

ActionController::RoutingError (No route matches "/stylesheets/my_issues.css" with {:method=>:get}):
  /usr/lib/ruby/1.8/mongrel.rb:159:in `process_client'
  /usr/lib/ruby/1.8/mongrel.rb:158:in `each'
  /usr/lib/ruby/1.8/mongrel.rb:158:in `process_client'
  /usr/lib/ruby/1.8/mongrel.rb:285:in `run'
  /usr/lib/ruby/1.8/mongrel.rb:285:in `initialize'
  /usr/lib/ruby/1.8/mongrel.rb:285:in `new'
  /usr/lib/ruby/1.8/mongrel.rb:285:in `run'
  /usr/lib/ruby/1.8/mongrel.rb:268:in `initialize'
  /usr/lib/ruby/1.8/mongrel.rb:268:in `new'
  /usr/lib/ruby/1.8/mongrel.rb:268:in `run'

Rendering rescues/layout (not_found)
  [4;35;1mSQL (0.1ms)[0m   [0mSET SQL_AUTO_IS_NULL=0[0m


Processing ApplicationController#index (for 127.0.0.1 at 2011-06-14 18:13:01) [GET]

ActionController::RoutingError (No route matches "/stylesheets/my_everything.css" with {:method=>:get}):
  /usr/lib/ruby/1.8/mongrel.rb:159:in `process_client'
  /usr/lib/ruby/1.8/mongrel.rb:158:in `each'
  /usr/lib/ruby/1.8/mongrel.rb:158:in `process_client'
  /usr/lib/ruby/1.8/mongrel.rb:285:in `run'
  /usr/lib/ruby/1.8/mongrel.rb:285:in `initialize'
  /usr/lib/ruby/1.8/mongrel.rb:285:in `new'
  /usr/lib/ruby/1.8/mongrel.rb:285:in `run'
  /usr/lib/ruby/1.8/mongrel.rb:268:in `initialize'
  /usr/lib/ruby/1.8/mongrel.rb:268:in `new'
  /usr/lib/ruby/1.8/mongrel.rb:268:in `run'

Rendering rescues/layout (not_found)
  [4;36;1mSQL (0.1ms)[0m   [0;1mSET SQL_AUTO_IS_NULL=0[0m


Processing ApplicationController#index (for 127.0.0.1 at 2011-06-14 18:13:01) [GET]

ActionController::RoutingError (No route matches "/stylesheets/my_style.css" with {:method=>:get}):
  /usr/lib/ruby/1.8/mongrel.rb:159:in `process_client'
  /usr/lib/ruby/1.8/mongrel.rb:158:in `each'
  /usr/lib/ruby/1.8/mongrel.rb:158:in `process_client'
  /usr/lib/ruby/1.8/mongrel.rb:285:in `run'
  /usr/lib/ruby/1.8/mongrel.rb:285:in `initialize'
  /usr/lib/ruby/1.8/mongrel.rb:285:in `new'
  /usr/lib/ruby/1.8/mongrel.rb:285:in `run'
  /usr/lib/ruby/1.8/mongrel.rb:268:in `initialize'
  /usr/lib/ruby/1.8/mongrel.rb:268:in `new'
  /usr/lib/ruby/1.8/mongrel.rb:268:in `run'

Rendering rescues/layout (not_found)
  [4;35;1mSQL (0.1ms)[0m   [0mSET SQL_AUTO_IS_NULL=0[0m


Processing ApplicationController#index (for 127.0.0.1 at 2011-06-14 18:13:01) [GET]

ActionController::RoutingError (No route matches "/stylesheets/my_issues.css" with {:method=>:get}):
  /usr/lib/ruby/1.8/mongrel.rb:159:in `process_client'
  /usr/lib/ruby/1.8/mongrel.rb:158:in `each'
  /usr/lib/ruby/1.8/mongrel.rb:158:in `process_client'
  /usr/lib/ruby/1.8/mongrel.rb:285:in `run'
  /usr/lib/ruby/1.8/mongrel.rb:285:in `initialize'
  /usr/lib/ruby/1.8/mongrel.rb:285:in `new'
  /usr/lib/ruby/1.8/mongrel.rb:285:in `run'
  /usr/lib/ruby/1.8/mongrel.rb:268:in `initialize'
  /usr/lib/ruby/1.8/mongrel.rb:268:in `new'
  /usr/lib/ruby/1.8/mongrel.rb:268:in `run'

Rendering rescues/layout (not_found)
  [4;36;1mSQL (0.1ms)[0m   [0;1mSET SQL_AUTO_IS_NULL=0[0m


Processing IssuesController#edit_user_details (for 127.0.0.1 at 2011-06-14 18:13:03) [GET]
  Parameters: {"id"=>"2"}
  [4;35;1mUser Columns (0.7ms)[0m   [0mSHOW FIELDS FROM `users`[0m
  [4;36;1mUser Load (0.1ms)[0m   [0;1mSELECT * FROM `users` WHERE (`users`.`id` = 2) LIMIT 1[0m
Rendering template within layouts/issues
Rendering issues/edit_user_details
Completed in 8ms (View: 4, DB: 1) | 200 OK [http://karthik.loc/issues/edit_user_details/2]
  [4;35;1mSQL (0.1ms)[0m   [0mSET SQL_AUTO_IS_NULL=0[0m


Processing ApplicationController#index (for 127.0.0.1 at 2011-06-14 18:13:03) [GET]

ActionController::RoutingError (No route matches "/stylesheets/current_user.css" with {:method=>:get}):
  /usr/lib/ruby/1.8/mongrel.rb:159:in `process_client'
  /usr/lib/ruby/1.8/mongrel.rb:158:in `each'
  /usr/lib/ruby/1.8/mongrel.rb:158:in `process_client'
  /usr/lib/ruby/1.8/mongrel.rb:285:in `run'
  /usr/lib/ruby/1.8/mongrel.rb:285:in `initialize'
  /usr/lib/ruby/1.8/mongrel.rb:285:in `new'
  /usr/lib/ruby/1.8/mongrel.rb:285:in `run'
  /usr/lib/ruby/1.8/mongrel.rb:268:in `initialize'
  /usr/lib/ruby/1.8/mongrel.rb:268:in `new'
  /usr/lib/ruby/1.8/mongrel.rb:268:in `run'

Rendering rescues/layout (not_found)
  [4;36;1mSQL (0.1ms)[0m   [0;1mSET SQL_AUTO_IS_NULL=0[0m


Processing ApplicationController#index (for 127.0.0.1 at 2011-06-14 18:13:03) [GET]

ActionController::RoutingError (No route matches "/system/profiles/2/thumb/shiv1.png" with {:method=>:get}):
  /usr/lib/ruby/1.8/mongrel.rb:159:in `process_client'
  /usr/lib/ruby/1.8/mongrel.rb:158:in `each'
  /usr/lib/ruby/1.8/mongrel.rb:158:in `process_client'
  /usr/lib/ruby/1.8/mongrel.rb:285:in `run'
  /usr/lib/ruby/1.8/mongrel.rb:285:in `initialize'
  /usr/lib/ruby/1.8/mongrel.rb:285:in `new'
  /usr/lib/ruby/1.8/mongrel.rb:285:in `run'
  /usr/lib/ruby/1.8/mongrel.rb:268:in `initialize'
  /usr/lib/ruby/1.8/mongrel.rb:268:in `new'
  /usr/lib/ruby/1.8/mongrel.rb:268:in `run'

Rendering rescues/layout (not_found)
  [4;35;1mSQL (0.1ms)[0m   [0mSET SQL_AUTO_IS_NULL=0[0m


Processing SessionsController#destroy (for 127.0.0.1 at 2011-06-14 18:13:10) [GET]
  [4;36;1mUser Columns (0.7ms)[0m   [0;1mSHOW FIELDS FROM `users`[0m
  [4;35;1mUser Load (0.1ms)[0m   [0mSELECT * FROM `users` WHERE (`users`.`id` = 2) LIMIT 1[0m
  [4;36;1mSQL (0.0ms)[0m   [0;1mBEGIN[0m
[paperclip] Saving attachments.
  [4;35;1mSQL (0.0ms)[0m   [0mCOMMIT[0m
Redirected to http://karthik.loc:3000/
Completed in 7ms (DB: 1) | 302 Found [http://karthik.loc/logout]
  [4;36;1mSQL (0.1ms)[0m   [0;1mSET SQL_AUTO_IS_NULL=0[0m


Processing SessionsController#new (for 127.0.0.1 at 2011-06-14 18:13:10) [GET]
Rendering template within layouts/application
Rendering sessions/new
Completed in 4ms (View: 2, DB: 0) | 200 OK [http://karthik.loc/]
